TN:
SF:src\app\app.component.html
FNF:0
FNH:0
DA:1,1
DA:3,0
DA:4,0
LF:3
LH:1
BRDA:3,0,0,0
BRDA:3,0,1,0
BRF:2
BRH:0
end_of_record
TN:
SF:src\app\app.component.ts
FN:7,constructor
FN:18,ngOnInit
FN:13,template
FNF:3
FNH:2
FNDA:1,constructor
FNDA:0,ngOnInit
FNDA:1,template
DA:1,1
DA:4,1
DA:5,1
DA:13,1
DA:14,1
DA:16,1
DA:19,0
DA:21,0
DA:22,0
DA:25,0
DA:26,0
LF:11
LH:6
BRDA:21,0,0,0
BRDA:21,0,1,0
BRDA:13,1,0,1
BRDA:13,1,1,1
BRDA:13,2,0,1
BRDA:13,2,1,0
BRDA:13,3,0,1
BRDA:13,3,1,1
BRDA:13,3,2,1
BRDA:13,4,0,1
BRDA:13,4,1,1
BRDA:13,4,2,1
BRF:12
BRH:9
end_of_record
TN:
SF:src\app\Interfaces\bo.ts
FN:25,(anonymous_0)
FNF:1
FNH:1
FNDA:2,(anonymous_0)
DA:25,1
DA:26,2
DA:27,0
DA:28,0
DA:29,2
DA:30,0
DA:31,0
DA:32,0
LF:8
LH:3
BRDA:26,0,0,0
BRDA:26,0,1,0
BRDA:26,0,2,2
BRDA:26,0,3,0
BRDA:26,0,4,0
BRDA:26,0,5,0
BRF:6
BRH:1
end_of_record
TN:
SF:src\app\Interfaces\confidentiality-level.ts
FN:1,(anonymous_0)
FNF:1
FNH:1
FNDA:4,(anonymous_0)
DA:1,4
DA:2,4
DA:3,4
DA:4,4
DA:5,4
DA:6,4
DA:7,4
DA:10,4
LF:8
LH:8
BRDA:1,0,0,4
BRDA:1,0,1,4
BRF:2
BRH:2
end_of_record
TN:
SF:src\app\Interfaces\experiment-state.ts
FN:1,(anonymous_0)
FNF:1
FNH:1
FNDA:6,(anonymous_0)
DA:1,6
DA:2,6
DA:3,6
LF:3
LH:3
BRDA:1,0,0,6
BRDA:1,0,1,6
BRF:2
BRH:2
end_of_record
TN:
SF:src\app\Interfaces\joint-situation.ts
FN:1,(anonymous_0)
FNF:1
FNH:1
FNDA:6,(anonymous_0)
DA:1,6
DA:2,6
DA:3,6
DA:4,6
DA:5,6
DA:6,6
DA:7,6
DA:8,6
LF:8
LH:8
BRDA:1,0,0,6
BRDA:1,0,1,6
BRF:2
BRH:2
end_of_record
TN:
SF:src\app\Interfaces\laser-mode.ts
FN:1,(anonymous_0)
FNF:1
FNH:1
FNDA:6,(anonymous_0)
DA:1,6
DA:2,6
DA:3,6
DA:4,6
DA:8,6
DA:15,6
LF:6
LH:6
BRDA:1,0,0,6
BRDA:1,0,1,6
BRF:2
BRH:2
end_of_record
TN:
SF:src\app\Interfaces\parameter-definition.ts
FN:18,(anonymous_0)
FN:37,(anonymous_1)
FNF:2
FNH:2
FNDA:6,(anonymous_0)
FNDA:6,(anonymous_1)
DA:18,6
DA:19,6
DA:20,6
DA:21,6
DA:22,6
DA:23,6
DA:24,6
DA:25,6
DA:26,6
DA:27,6
DA:28,6
DA:29,6
DA:30,6
DA:31,6
DA:32,6
DA:33,6
DA:37,6
DA:38,6
DA:39,6
DA:40,6
DA:41,6
LF:21
LH:21
BRDA:18,0,0,6
BRDA:18,0,1,6
BRDA:37,1,0,6
BRDA:37,1,1,6
BRF:4
BRH:4
end_of_record
TN:
SF:src\app\Interfaces\report.ts
FN:1,(anonymous_0)
FN:6,(anonymous_1)
FN:32,(anonymous_2)
FNF:3
FNH:3
FNDA:6,(anonymous_0)
FNDA:6,(anonymous_1)
FNDA:6,(anonymous_2)
DA:1,6
DA:2,6
DA:3,6
DA:6,6
DA:7,6
DA:8,6
DA:9,6
DA:10,6
DA:11,6
DA:12,6
DA:13,6
DA:14,6
DA:15,6
DA:18,6
DA:32,6
DA:33,6
DA:34,6
DA:35,6
DA:38,6
LF:19
LH:19
BRDA:1,0,0,6
BRDA:1,0,1,6
BRDA:6,1,0,6
BRDA:6,1,1,6
BRDA:32,2,0,6
BRDA:32,2,1,6
BRF:6
BRH:6
end_of_record
TN:
SF:src\app\Interfaces\result.ts
FN:53,(anonymous_0)
FN:72,(anonymous_1)
FN:85,(anonymous_2)
FN:99,(anonymous_3)
FN:111,(anonymous_4)
FN:119,(anonymous_5)
FNF:6
FNH:6
FNDA:6,(anonymous_0)
FNDA:6,(anonymous_1)
FNDA:6,(anonymous_2)
FNDA:6,(anonymous_3)
FNDA:6,(anonymous_4)
FNDA:6,(anonymous_5)
DA:53,6
DA:55,6
DA:56,6
DA:57,6
DA:72,6
DA:73,6
DA:74,6
DA:75,6
DA:76,6
DA:77,6
DA:78,6
DA:79,6
DA:80,6
DA:81,6
DA:82,6
DA:83,6
DA:85,6
DA:86,6
DA:87,6
DA:88,6
DA:89,6
DA:90,6
DA:91,6
DA:92,6
DA:93,6
DA:94,6
DA:95,6
DA:96,6
DA:97,6
DA:99,6
DA:100,6
DA:101,6
DA:102,6
DA:103,6
DA:104,6
DA:105,6
DA:106,6
DA:107,6
DA:108,6
DA:109,6
DA:111,6
DA:112,6
DA:113,6
DA:114,6
DA:115,6
DA:116,6
DA:117,6
DA:119,6
DA:120,6
DA:121,6
DA:122,6
DA:123,6
DA:124,6
DA:125,6
LF:54
LH:54
BRDA:53,0,0,6
BRDA:53,0,1,6
BRDA:72,1,0,6
BRDA:72,1,1,6
BRDA:85,2,0,6
BRDA:85,2,1,6
BRDA:99,3,0,6
BRDA:99,3,1,6
BRDA:111,4,0,6
BRDA:111,4,1,6
BRDA:119,5,0,6
BRDA:119,5,1,6
BRF:12
BRH:12
end_of_record
TN:
SF:src\app\Interfaces\speed-unit.ts
FN:1,(anonymous_0)
FNF:1
FNH:1
FNDA:6,(anonymous_0)
DA:1,6
DA:2,6
DA:3,6
DA:6,6
LF:4
LH:4
BRDA:1,0,0,6
BRDA:1,0,1,6
BRF:2
BRH:2
end_of_record
TN:
SF:src\app\Interfaces\surface-condition-options.ts
FNF:0
FNH:0
DA:1,5
LF:1
LH:1
BRF:0
BRH:0
end_of_record
TN:
SF:src\app\Interfaces\user-role.ts
FN:1,(anonymous_0)
FNF:1
FNH:1
FNDA:2,(anonymous_0)
DA:1,2
DA:2,2
DA:3,2
DA:4,2
LF:4
LH:4
BRDA:1,0,0,2
BRDA:1,0,1,2
BRF:2
BRH:2
end_of_record
TN:
SF:src\app\Interfaces\weld-seam-shape.ts
FN:1,(anonymous_0)
FNF:1
FNH:1
FNDA:6,(anonymous_0)
DA:1,6
DA:2,6
DA:3,6
DA:4,6
DA:5,6
LF:5
LH:5
BRDA:1,0,0,6
BRDA:1,0,1,6
BRF:2
BRH:2
end_of_record
TN:
SF:src\app\Interfaces\welding-type.ts
FN:1,(anonymous_0)
FNF:1
FNH:1
FNDA:6,(anonymous_0)
DA:1,6
DA:2,6
DA:3,6
LF:3
LH:3
BRDA:1,0,0,6
BRDA:1,0,1,6
BRF:2
BRH:2
end_of_record
TN:
SF:src\app\auth\auth-roles.ts
FN:23,hasValidAtlasGroup
FN:24,(anonymous_1)
FN:15,(anonymous_2)
FNF:3
FNH:3
FNDA:12,hasValidAtlasGroup
FNDA:13,(anonymous_1)
FNDA:30,(anonymous_2)
DA:1,6
DA:7,6
DA:15,30
DA:24,13
LF:4
LH:4
BRF:0
BRH:0
end_of_record
TN:
SF:src\app\auth\auth.constants.ts
FNF:0
FNH:0
DA:1,6
DA:2,6
DA:3,6
DA:4,6
LF:4
LH:4
BRF:0
BRH:0
end_of_record
TN:
SF:src\app\auth\auth.interceptor.ts
FN:8,attachToken
FN:21,isOwnBackend
FN:25,(anonymous_2)
FN:32,(anonymous_3)
FN:39,(anonymous_4)
FN:40,(anonymous_5)
FN:44,(anonymous_6)
FNF:7
FNH:7
FNDA:7,attachToken
FNDA:3,isOwnBackend
FNDA:6,(anonymous_2)
FNDA:4,(anonymous_3)
FNDA:2,(anonymous_4)
FNDA:1,(anonymous_5)
FNDA:2,(anonymous_6)
DA:5,1
DA:6,1
DA:9,7
DA:10,0
DA:12,7
DA:13,6
DA:14,6
DA:15,6
DA:18,1
DA:22,3
DA:25,1
DA:26,6
DA:27,6
DA:29,6
DA:31,6
DA:33,4
DA:37,2
DA:38,2
DA:40,2
DA:44,2
LF:20
LH:19
BRDA:9,0,0,0
BRDA:9,0,1,7
BRDA:9,1,0,7
BRDA:9,1,1,7
BRDA:12,2,0,6
BRDA:12,2,1,1
BRDA:12,3,0,7
BRDA:12,3,1,7
BRDA:13,4,0,6
BRDA:13,4,1,6
BRDA:14,5,0,6
BRDA:14,5,1,0
BRDA:33,6,0,2
BRDA:33,6,1,2
BRDA:33,7,0,4
BRDA:33,7,1,4
BRDA:33,7,2,3
BRDA:40,8,0,1
BRDA:40,8,1,1
BRF:19
BRH:17
end_of_record
TN:
SF:src\app\auth\auth.service.ts
FN:41,hasValidGroup
FN:45,constructor
FN:61,(anonymous_2)
FN:68,(anonymous_3)
FN:89,(anonymous_4)
FN:90,(anonymous_5)
FN:93,(anonymous_6)
FN:100,restoreSession
FN:113,(anonymous_8)
FN:118,(anonymous_9)
FN:124,onSessionRestored
FN:127,(anonymous_11)
FN:131,loadCurrontUserPermissions
FN:133,(anonymous_13)
FN:137,(anonymous_14)
FN:148,waitForInitialization
FN:149,(anonymous_16)
FN:150,(anonymous_17)
FN:159,waitForPermissions
FN:160,(anonymous_19)
FN:161,(anonymous_20)
FN:170,login
FN:174,logout
FN:183,isInitialized
FN:187,hasAcceptableIdToken
FN:195,readReauthState
FN:206,registerReauthAttempt
FN:217,isReauthLimitReached
FN:224,clearReauthState
FN:229,handleUnauthorized
FN:242,(anonymous_30)
FN:243,(anonymous_31)
FN:248,(anonymous_32)
FN:255,isLoggedIn
FN:259,identityClaims
FN:263,userEmail
FN:267,userPermissions
FN:271,clearOAuthUrlParameters
FN:275,handleRefreshFailure
FN:278,(anonymous_39)
FN:286,updateUserEmail
FN:295,clearUrlParameters
FN:301,(anonymous_42)
FN:308,cleanupAfterLogout
FN:318,(anonymous_44)
FNF:45
FNH:22
FNDA:0,hasValidGroup
FNDA:113,constructor
FNDA:0,(anonymous_2)
FNDA:0,(anonymous_3)
FNDA:113,(anonymous_4)
FNDA:113,(anonymous_5)
FNDA:0,(anonymous_6)
FNDA:113,restoreSession
FNDA:1,(anonymous_8)
FNDA:1,(anonymous_9)
FNDA:4,onSessionRestored
FNDA:0,(anonymous_11)
FNDA:4,loadCurrontUserPermissions
FNDA:4,(anonymous_13)
FNDA:0,(anonymous_14)
FNDA:0,waitForInitialization
FNDA:0,(anonymous_16)
FNDA:0,(anonymous_17)
FNDA:0,waitForPermissions
FNDA:0,(anonymous_19)
FNDA:0,(anonymous_20)
FNDA:3,login
FNDA:0,logout
FNDA:0,isInitialized
FNDA:118,hasAcceptableIdToken
FNDA:24,readReauthState
FNDA:12,registerReauthAttempt
FNDA:12,isReauthLimitReached
FNDA:5,clearReauthState
FNDA:9,handleUnauthorized
FNDA:4,(anonymous_30)
FNDA:2,(anonymous_31)
FNDA:6,(anonymous_32)
FNDA:114,isLoggedIn
FNDA:0,identityClaims
FNDA:0,userEmail
FNDA:226,userPermissions
FNDA:0,clearOAuthUrlParameters
FNDA:0,handleRefreshFailure
FNDA:0,(anonymous_39)
FNDA:4,updateUserEmail
FNDA:0,clearUrlParameters
FNDA:0,(anonymous_42)
FNDA:0,cleanupAfterLogout
FNDA:0,(anonymous_44)
DA:1,6
DA:4,6
DA:5,6
DA:6,6
DA:9,6
DA:16,113
DA:17,113
DA:18,113
DA:19,113
DA:20,113
DA:21,113
DA:22,113
DA:23,113
DA:24,113
DA:26,113
DA:38,113
DA:42,0
DA:45,113
DA:46,113
DA:55,113
DA:57,113
DA:61,113
DA:62,0
DA:63,0
DA:66,0
DA:67,0
DA:68,0
DA:71,0
DA:72,0
DA:75,0
DA:76,0
DA:77,0
DA:80,0
DA:81,0
DA:82,0
DA:87,113
DA:89,113
DA:91,113
DA:94,0
DA:95,0
DA:96,0
DA:101,113
DA:102,3
DA:103,3
DA:106,110
DA:107,110
DA:108,108
DA:111,2
DA:114,1
DA:115,1
DA:119,1
DA:120,1
DA:125,4
DA:126,4
DA:127,4
DA:128,4
DA:132,4
DA:134,4
DA:135,4
DA:138,0
DA:139,0
DA:140,0
DA:142,0
DA:149,0
DA:150,0
DA:151,0
DA:152,0
DA:153,0
DA:160,0
DA:161,0
DA:162,0
DA:163,0
DA:164,0
DA:171,3
DA:175,0
DA:176,0
DA:177,0
DA:178,0
DA:179,0
DA:180,0
DA:184,0
DA:188,118
DA:189,109
DA:191,9
DA:192,9
DA:196,24
DA:197,24
DA:198,24
DA:199,8
DA:200,8
DA:202,0
DA:207,12
DA:208,12
DA:209,12
DA:210,12
DA:211,12
DA:214,12
DA:218,12
DA:219,12
DA:220,4
DA:221,4
DA:225,5
DA:226,5
DA:230,9
DA:231,1
DA:232,1
DA:240,8
DA:241,6
DA:242,4
DA:244,2
DA:245,2
DA:246,2
DA:248,6
DA:252,8
DA:256,114
DA:260,0
DA:264,0
DA:268,226
DA:272,0
DA:276,0
DA:277,0
DA:278,0
DA:279,0
DA:282,0
DA:287,4
DA:288,4
DA:289,4
DA:291,4
DA:292,0
DA:296,0
DA:297,0
DA:299,0
DA:300,0
DA:301,0
DA:302,0
DA:303,0
DA:309,0
DA:310,0
DA:315,0
DA:316,0
DA:318,0
DA:320,0
DA:325,0
LF:143
LH:81
BRDA:19,0,0,113
BRDA:20,1,0,113
BRDA:38,2,0,113
BRDA:62,3,0,0
BRDA:62,3,1,0
BRDA:66,4,0,0
BRDA:66,4,1,0
BRDA:71,5,0,0
BRDA:71,5,1,0
BRDA:75,6,0,0
BRDA:75,6,1,0
BRDA:75,7,0,0
BRDA:75,7,1,0
BRDA:80,8,0,0
BRDA:80,8,1,0
BRDA:101,9,0,3
BRDA:101,9,1,110
BRDA:107,10,0,108
BRDA:107,10,1,2
BRDA:114,11,0,1
BRDA:114,11,1,0
BRDA:139,12,0,0
BRDA:139,12,1,0
BRDA:151,13,0,0
BRDA:151,13,1,0
BRDA:162,14,0,0
BRDA:162,14,1,0
BRDA:162,15,0,0
BRDA:162,15,1,0
BRDA:188,16,0,109
BRDA:188,16,1,9
BRDA:192,17,0,9
BRDA:192,17,1,7
BRDA:196,18,0,0
BRDA:196,18,1,24
BRDA:198,19,0,16
BRDA:198,19,1,8
BRDA:207,20,0,0
BRDA:207,20,1,12
BRDA:210,21,0,12
BRDA:210,21,1,4
BRDA:211,22,0,3
BRDA:211,22,1,9
BRDA:219,23,0,8
BRDA:219,23,1,4
BRDA:221,24,0,4
BRDA:221,24,1,4
BRDA:225,25,0,0
BRDA:225,25,1,5
BRDA:230,26,0,1
BRDA:230,26,1,8
BRDA:240,27,0,6
BRDA:240,27,1,2
BRDA:276,28,0,0
BRDA:276,28,1,0
BRDA:288,29,0,4
BRDA:288,29,1,4
BRDA:291,30,0,0
BRDA:291,30,1,4
BRDA:297,31,0,0
BRDA:297,31,1,0
BRDA:297,31,2,0
BRDA:299,32,0,0
BRDA:299,32,1,0
BRDA:316,33,0,0
BRDA:316,33,1,0
BRDA:317,34,0,0
BRDA:317,34,1,0
BRDA:16,35,0,113
BRDA:16,35,1,113
BRDA:16,36,0,6
BRDA:16,36,1,6
BRDA:16,36,2,6
BRF:73
BRH:37
end_of_record
TN:
SF:src\app\auth\oauth-storage.factory.ts
FN:3,oauthStorageFactory
FNF:1
FNH:1
FNDA:2,oauthStorageFactory
DA:4,2
LF:1
LH:1
BRDA:4,0,0,1
BRDA:4,0,1,1
BRF:2
BRH:2
end_of_record
TN:
SF:src\app\auth\role.guard.ts
FN:9,constructor
FN:11,canActivate
FNF:2
FNH:2
FNDA:5,constructor
FNDA:5,canActivate
DA:1,1
DA:8,5
DA:9,5
DA:12,5
DA:13,5
DA:15,5
DA:16,0
DA:17,0
DA:20,5
DA:21,0
DA:22,0
DA:25,5
DA:26,5
DA:28,5
DA:29,0
DA:30,0
DA:31,0
DA:33,0
DA:36,5
DA:37,0
DA:38,0
DA:39,0
DA:41,0
DA:44,5
DA:45,5
DA:49,1
DA:52,4
DA:53,1
DA:56,3
DA:57,3
DA:58,0
DA:61,3
DA:62,1
DA:65,2
DA:66,2
DA:69,0
LF:36
LH:22
BRDA:15,0,0,0
BRDA:15,0,1,5
BRDA:20,1,0,0
BRDA:20,1,1,5
BRDA:28,2,0,0
BRDA:28,2,1,5
BRDA:29,3,0,0
BRDA:29,3,1,0
BRDA:36,4,0,0
BRDA:36,4,1,5
BRDA:37,5,0,0
BRDA:37,5,1,0
BRDA:44,6,0,5
BRDA:44,6,1,0
BRDA:45,7,0,1
BRDA:45,7,1,4
BRDA:46,8,0,5
BRDA:46,8,1,4
BRDA:52,9,0,1
BRDA:52,9,1,3
BRDA:57,10,0,0
BRDA:57,10,1,3
BRDA:57,11,0,3
BRDA:57,11,1,1
BRDA:61,12,0,1
BRDA:61,12,1,2
BRDA:61,13,0,3
BRDA:61,13,1,2
BRDA:8,14,0,5
BRDA:8,14,1,5
BRDA:8,15,0,1
BRDA:8,15,1,1
BRDA:8,15,2,1
BRF:33
BRH:23
end_of_record
TN:
SF:src\app\auth\wizard-step-access.ts
FN:17,isWizardStepAllowed
FNF:1
FNH:1
FNDA:13,isWizardStepAllowed
DA:3,3
DA:15,3
DA:21,13
DA:22,0
DA:25,13
DA:26,3
DA:29,10
LF:7
LH:6
BRDA:21,0,0,0
BRDA:21,0,1,13
BRDA:21,1,0,13
BRDA:21,1,1,13
BRDA:25,2,0,3
BRDA:25,2,1,10
BRF:6
BRH:5
end_of_record
TN:
SF:src\app\auth\wizard-step.guard.ts
FN:6,(anonymous_0)
FN:6,(anonymous_1)
FNF:2
FNH:2
FNDA:6,(anonymous_0)
FNDA:6,(anonymous_1)
DA:1,1
DA:3,1
DA:4,1
DA:6,6
DA:7,6
DA:8,6
DA:10,6
DA:11,6
DA:13,6
DA:14,6
DA:15,3
DA:18,3
LF:12
LH:12
BRDA:13,0,0,6
BRDA:13,0,1,0
BRDA:14,1,0,3
BRDA:14,1,1,3
BRF:4
BRH:3
end_of_record
TN:
SF:src\app\components\common\atlas-action-btn\atlas-action-btn.component.html
FN:9,AtlasActionBtnComponent_Template_button_click_0_listener
FNF:1
FNH:1
FNDA:3,AtlasActionBtnComponent_Template_button_click_0_listener
DA:1,47
DA:4,48
DA:6,48
DA:8,48
DA:9,47
DA:10,48
DA:11,48
DA:12,48
DA:13,1
DA:15,47
LF:10
LH:10
BRDA:12,0,0,49
BRDA:12,0,1,48
BRF:2
BRH:2
end_of_record
TN:
SF:src\app\components\common\atlas-action-btn\atlas-action-btn.component.ts
FN:6,constructor
FN:27,(anonymous_1)
FN:31,onClick
FN:13,template
FNF:4
FNH:4
FNDA:47,constructor
FNDA:47,(anonymous_1)
FNDA:3,onClick
FNDA:3,template
DA:1,3
DA:13,95
DA:14,47
DA:15,47
DA:16,47
DA:17,47
DA:19,47
DA:21,47
DA:23,47
DA:25,47
DA:27,47
DA:28,47
DA:32,3
DA:33,1
LF:14
LH:14
BRDA:14,0,0,47
BRDA:15,1,0,47
BRDA:16,2,0,47
BRDA:17,3,0,47
BRDA:19,4,0,47
BRDA:21,5,0,47
BRDA:23,6,0,47
BRDA:28,7,0,29
BRDA:28,7,1,18
BRDA:28,8,0,47
BRDA:28,8,1,38
BRDA:28,9,0,47
BRDA:32,10,0,2
BRDA:32,10,1,1
BRDA:13,11,0,47
BRDA:13,11,1,47
BRDA:13,12,0,47
BRDA:13,12,1,48
BRDA:13,13,0,3
BRDA:13,13,1,3
BRDA:13,13,2,3
BRDA:13,14,0,3
BRDA:13,14,1,3
BRDA:13,14,2,3
BRF:24
BRH:24
end_of_record
TN:
SF:src\app\components\common\atlas-button\atlas-button.component.html
FN:25,AtlasButtonComponent_Case_2_Template_button_click_0_listener
FN:41,AtlasButtonComponent_Case_3_Template_button_click_0_listener
FN:57,AtlasButtonComponent_Case_4_Template_button_click_0_listener
FN:73,AtlasButtonComponent_Case_5_Template_button_click_0_listener
FNF:4
FNH:2
FNDA:2,AtlasButtonComponent_Case_2_Template_button_click_0_listener
FNDA:0,AtlasButtonComponent_Case_3_Template_button_click_0_listener
FNDA:0,AtlasButtonComponent_Case_4_Template_button_click_0_listener
FNDA:3,AtlasButtonComponent_Case_5_Template_button_click_0_listener
DA:1,318
DA:2,336
DA:3,2
DA:5,334
DA:6,127
DA:8,334
DA:12,336
DA:13,318
DA:14,104
DA:16,105
DA:17,105
DA:18,105
DA:19,105
DA:25,2
DA:26,105
DA:27,104
DA:30,1
DA:32,1
DA:33,1
DA:34,1
DA:35,1
DA:41,0
DA:42,1
DA:43,1
DA:46,1
DA:48,1
DA:49,1
DA:50,1
DA:51,1
DA:57,0
DA:58,1
DA:59,1
DA:62,215
DA:64,229
DA:65,229
DA:66,229
DA:67,229
DA:73,3
DA:74,229
DA:75,215
LF:40
LH:38
BRDA:5,0,0,127
BRDA:5,0,1,207
BRDA:2,1,0,2
BRDA:2,1,1,334
BRDA:20,2,0,105
BRDA:20,2,1,105
BRDA:36,3,0,1
BRDA:36,3,1,1
BRDA:52,4,0,1
BRDA:52,4,1,1
BRDA:68,5,0,229
BRDA:68,5,1,229
BRDA:12,6,0,105
BRDA:12,6,1,231
BRDA:12,7,0,1
BRDA:12,7,1,230
BRDA:12,8,0,1
BRDA:12,8,1,229
BRF:18
BRH:18
end_of_record
TN:
SF:src\app\components\common\atlas-button\atlas-button.component.ts
FN:11,constructor
FN:34,(anonymous_1)
FN:35,(anonymous_2)
FN:18,template
FNF:4
FNH:4
FNDA:318,constructor
FNDA:331,(anonymous_1)
FNDA:318,(anonymous_2)
FNDA:6,template
DA:1,6
DA:18,654
DA:19,318
DA:20,318
DA:21,318
DA:22,318
DA:23,318
DA:24,318
DA:25,318
DA:26,318
DA:27,318
DA:28,318
DA:29,318
DA:30,318
DA:32,318
DA:34,331
DA:35,318
LF:17
LH:17
BRDA:19,0,0,318
BRDA:20,1,0,318
BRDA:21,2,0,318
BRDA:22,3,0,318
BRDA:23,4,0,318
BRDA:24,5,0,318
BRDA:25,6,0,318
BRDA:26,7,0,318
BRDA:27,8,0,318
BRDA:28,9,0,318
BRDA:29,10,0,318
BRDA:30,11,0,318
BRDA:34,12,0,331
BRDA:34,12,1,256
BRDA:34,13,0,318
BRDA:35,14,0,318
BRDA:18,15,0,318
BRDA:18,15,1,318
BRDA:18,16,0,318
BRDA:18,16,1,336
BRDA:18,17,0,6
BRDA:18,17,1,6
BRDA:18,17,2,6
BRDA:18,18,0,6
BRDA:18,18,1,6
BRDA:18,18,2,6
BRF:26
BRH:26
end_of_record
TN:
SF:src\app\components\common\atlas-chat-bots-menu\atlas-chat-bots-menu.component.html
FN:23,AtlasChatBotsMenuComponent_For_12_Template_button_click_0_listener
FN:7,AtlasChatBotsMenuComponent_Template_button_menuOpened_0_listener
FN:7,AtlasChatBotsMenuComponent_Template_button_menuClosed_0_listener
FNF:3
FNH:3
FNDA:1,AtlasChatBotsMenuComponent_For_12_Template_button_click_0_listener
FNDA:4,AtlasChatBotsMenuComponent_Template_button_menuOpened_0_listener
FNDA:2,AtlasChatBotsMenuComponent_Template_button_menuClosed_0_listener
DA:1,19
DA:6,30
DA:7,19
DA:9,30
DA:14,19
DA:15,19
DA:16,19
DA:17,30
DA:21,19
DA:22,30
DA:23,30
DA:24,30
DA:25,19
DA:27,19
LF:14
LH:14
BRDA:6,0,0,25
BRDA:6,0,1,5
BRF:2
BRH:2
end_of_record
TN:
SF:src\app\components\common\atlas-chat-bots-menu\atlas-chat-bots-menu.component.ts
FN:22,constructor
FN:47,openBot
FN:51,onMenuOpened
FN:56,onMenuClosed
FN:30,viewQuery
FNF:5
FNH:5
FNDA:19,constructor
FNDA:1,openBot
FNDA:4,onMenuOpened
FNDA:2,onMenuClosed
FNDA:2,viewQuery
DA:1,2
DA:7,2
DA:18,2
DA:30,49
DA:31,19
DA:32,19
DA:37,19
DA:38,19
DA:42,19
DA:45,19
DA:48,1
DA:52,4
DA:53,4
DA:57,2
LF:14
LH:14
BRDA:37,0,0,19
BRDA:42,1,0,19
BRDA:45,2,0,19
BRDA:53,3,0,4
BRDA:53,3,1,0
BRDA:30,4,0,19
BRDA:30,4,1,19
BRDA:30,5,0,19
BRDA:30,5,1,30
BRDA:30,6,0,2
BRDA:30,6,1,2
BRDA:30,6,2,2
BRDA:30,7,0,2
BRDA:30,7,1,2
BRDA:30,7,2,2
BRF:15
BRH:14
end_of_record
TN:
SF:src\app\components\common\atlas-dialog-shell\atlas-dialog-shell.component.html
FNF:0
FNH:0
DA:1,22
DA:2,26
DA:3,26
DA:5,22
DA:6,22
DA:8,26
DA:10,22
DA:11,22
DA:14,22
DA:16,22
DA:17,22
DA:18,22
DA:19,22
DA:20,22
LF:14
LH:14
BRDA:2,0,0,26
BRDA:2,0,1,0
BRF:2
BRH:1
end_of_record
TN:
SF:src\app\components\common\atlas-dialog-shell\atlas-dialog-shell.component.ts
FN:4,constructor
FN:11,template
FNF:2
FNH:2
FNDA:22,constructor
FNDA:6,template
DA:1,6
DA:11,48
DA:12,22
DA:13,22
LF:4
LH:4
BRDA:12,0,0,22
BRDA:13,1,0,22
BRDA:11,2,0,22
BRDA:11,2,1,22
BRDA:11,3,0,22
BRDA:11,3,1,26
BRDA:11,4,0,6
BRDA:11,4,1,6
BRDA:11,4,2,6
BRDA:11,5,0,6
BRDA:11,5,1,6
BRDA:11,5,2,6
BRF:12
BRH:12
end_of_record
TN:
SF:src\app\components\common\atlas-form-autocomplete\atlas-form-autocomplete.component.html
FN:5,AtlasFormAutocompleteComponent_Conditional_4_Template_button_click_0_listener
FNF:1
FNH:0
FNDA:0,AtlasFormAutocompleteComponent_Conditional_4_Template_button_click_0_listener
DA:1,56
DA:2,56
DA:3,56
DA:4,56
DA:5,0
DA:6,0
DA:9,50
DA:10,56
DA:11,310
DA:13,50
LF:10
LH:8
BRDA:4,0,0,56
BRDA:4,0,1,56
BRF:2
BRH:2
end_of_record
TN:
SF:src\app\components\common\atlas-form-autocomplete\atlas-form-autocomplete.component.ts
FN:40,constructor
FN:41,(anonymous_1)
FN:46,(anonymous_2)
FN:49,(anonymous_3)
FN:55,ngOnInit
FN:56,(anonymous_5)
FN:62,onClear
FN:68,_applyFilter
FN:69,(anonymous_8)
FN:25,template
FNF:10
FNH:10
FNDA:50,constructor
FNDA:51,(anonymous_1)
FNDA:51,(anonymous_2)
FNDA:51,(anonymous_3)
FNDA:50,ngOnInit
FNDA:5,(anonymous_5)
FNDA:1,onClear
FNDA:108,_applyFilter
FNDA:631,(anonymous_8)
FNDA:6,template
DA:1,6
DA:25,106
DA:26,50
DA:27,50
DA:28,50
DA:29,50
DA:30,50
DA:32,50
DA:33,50
DA:35,50
DA:36,50
DA:38,50
DA:41,50
DA:42,51
DA:43,51
DA:44,1
DA:46,51
DA:49,50
DA:51,51
DA:56,50
DA:57,5
DA:58,5
DA:63,1
DA:64,1
DA:65,1
DA:69,108
DA:70,631
LF:27
LH:27
BRDA:26,0,0,50
BRDA:27,1,0,50
BRDA:28,2,0,50
BRDA:29,3,0,50
BRDA:30,4,0,50
BRDA:43,5,0,1
BRDA:43,5,1,50
BRDA:57,6,0,5
BRDA:57,6,1,0
BRDA:58,7,0,5
BRDA:58,7,1,0
BRDA:25,8,0,50
BRDA:25,8,1,50
BRDA:25,9,0,50
BRDA:25,9,1,56
BRDA:25,10,0,6
BRDA:25,10,1,6
BRDA:25,10,2,6
BRDA:25,11,0,6
BRDA:25,11,1,6
BRDA:25,11,2,6
BRF:21
BRH:19
end_of_record
TN:
SF:src\app\components\common\atlas-form-input\atlas-form-input.component.html
FN:21,AtlasFormInputComponent_Conditional_4_Template_button_click_0_listener
FNF:1
FNH:0
FNDA:0,AtlasFormInputComponent_Conditional_4_Template_button_click_0_listener
DA:1,182
DA:2,343
DA:7,343
DA:9,182
DA:11,343
DA:16,343
DA:17,3
DA:21,0
DA:22,3
DA:26,343
DA:27,0
DA:28,0
DA:29,0
DA:32,343
DA:37,0
DA:39,0
DA:40,0
DA:43,343
DA:44,0
DA:45,0
DA:46,0
DA:49,343
DA:50,0
DA:51,0
DA:52,0
DA:55,343
DA:56,0
DA:57,0
DA:58,0
DA:61,343
DA:62,1
DA:63,2
DA:64,1
DA:67,343
DA:68,1
DA:69,2
DA:70,1
DA:73,182
DA:75,182
LF:39
LH:23
BRDA:63,0,0,0
BRDA:63,0,1,4
BRDA:69,1,0,0
BRDA:69,1,1,2
BRDA:16,2,0,346
BRDA:16,2,1,343
BRDA:26,3,0,353
BRDA:26,3,1,756
BRDA:32,4,0,0
BRDA:32,4,1,343
BRDA:32,5,0,343
BRDA:32,5,1,0
BRDA:32,5,2,0
BRDA:43,6,0,353
BRDA:43,6,1,676
BRDA:49,7,0,353
BRDA:49,7,1,676
BRDA:55,8,0,353
BRDA:55,8,1,676
BRDA:61,9,0,355
BRDA:61,9,1,678
BRDA:67,10,0,12
BRDA:67,10,1,674
BRF:23
BRH:18
end_of_record
TN:
SF:src\app\components\common\atlas-form-input\atlas-form-input.component.ts
FN:41,effectiveControl
FN:49,constructor
FN:51,ngOnInit
FN:54,(anonymous_3)
FN:66,(anonymous_4)
FN:71,ngOnDestroy
FN:76,writeValue
FN:79,registerOnChange
FN:82,registerOnTouched
FN:85,setDisabledState
FN:90,onClear
FN:24,hostBindings
FN:19,(anonymous_12)
FN:22,template
FNF:14
FNH:13
FNDA:712,effectiveControl
FNDA:182,constructor
FNDA:182,ngOnInit
FNDA:1,(anonymous_3)
FNDA:3,(anonymous_4)
FNDA:182,ngOnDestroy
FNDA:131,writeValue
FNDA:260,registerOnChange
FNDA:260,registerOnTouched
FNDA:131,setDisabledState
FNDA:0,onClear
FNDA:6,hostBindings
FNDA:130,(anonymous_12)
FNDA:6,template
DA:1,6
DA:19,130
DA:22,525
DA:24,525
DA:25,182
DA:26,182
DA:27,182
DA:28,182
DA:29,182
DA:30,182
DA:31,182
DA:33,182
DA:34,182
DA:36,182
DA:37,182
DA:39,182
DA:42,712
DA:45,182
DA:47,182
DA:49,182
DA:52,182
DA:55,1
DA:56,1
DA:57,0
DA:58,0
DA:60,1
DA:61,1
DA:64,182
DA:67,3
DA:72,182
DA:73,182
DA:86,131
DA:87,131
DA:91,0
DA:92,0
LF:35
LH:31
BRDA:42,0,0,712
BRDA:42,0,1,20
BRDA:56,1,0,0
BRDA:56,1,1,1
BRDA:57,2,0,0
BRDA:57,2,1,0
BRDA:58,3,0,0
BRDA:58,3,1,0
BRDA:60,4,0,1
BRDA:60,4,1,0
BRDA:24,5,0,182
BRDA:24,5,1,182
BRDA:24,6,0,343
BRDA:24,6,1,182
BRDA:22,7,0,182
BRDA:22,7,1,343
BRDA:24,8,0,6
BRDA:24,8,1,6
BRDA:24,8,2,6
BRDA:24,9,0,6
BRDA:24,9,1,6
BRDA:24,9,2,6
BRF:22
BRH:16
end_of_record
TN:
SF:src\app\components\common\atlas-form-minmaxinput\atlas-form-minmaxinput.component.html
FN:59,AtlasFormMinmaxinputComponent_Conditional_10_Template_button_click_0_listener
FN:18,AtlasFormMinmaxinputComponent_Template_div_touched_3_listener
FN:18,AtlasFormMinmaxinputComponent_Template_div_focusedChange_3_listener
FN:28,AtlasFormMinmaxinputComponent_Template_input_change_4_listener
FN:40,AtlasFormMinmaxinputComponent_Template_input_change_7_listener
FNF:5
FNH:5
FNDA:1,AtlasFormMinmaxinputComponent_Conditional_10_Template_button_click_0_listener
FNDA:2,AtlasFormMinmaxinputComponent_Template_div_touched_3_listener
FNDA:8,AtlasFormMinmaxinputComponent_Template_div_focusedChange_3_listener
FNDA:1,AtlasFormMinmaxinputComponent_Template_input_change_4_listener
FNDA:1,AtlasFormMinmaxinputComponent_Template_input_change_7_listener
DA:1,160
DA:5,176
DA:6,176
DA:8,176
DA:10,160
DA:12,176
DA:14,176
DA:18,160
DA:21,160
DA:24,176
DA:28,160
DA:31,160
DA:33,160
DA:36,176
DA:40,160
DA:44,176
DA:45,0
DA:48,176
DA:49,3
DA:52,176
DA:53,3
DA:59,1
DA:61,3
DA:64,160
LF:24
LH:23
BRDA:24,0,0,11
BRDA:24,0,1,165
BRDA:24,1,0,176
BRDA:24,1,1,170
BRDA:36,2,0,11
BRDA:36,2,1,165
BRDA:36,3,0,176
BRDA:36,3,1,174
BRDA:44,4,0,0
BRDA:44,4,1,176
BRDA:48,5,0,3
BRDA:48,5,1,173
BRDA:52,6,0,3
BRDA:52,6,1,173
BRF:14
BRH:13
end_of_record
TN:
SF:src\app\components\common\atlas-form-minmaxinput\atlas-form-minmaxinput.component.ts
FN:17,constructor
FN:50,(anonymous_1)
FN:53,(anonymous_2)
FN:62,(anonymous_3)
FN:66,(anonymous_4)
FN:70,(anonymous_5)
FN:73,onRangeTouched
FN:77,onRangeFocusedChange
FN:81,onMinChange
FN:86,onMaxChange
FN:91,onClear
FN:30,template
FNF:12
FNH:12
FNDA:160,constructor
FNDA:163,(anonymous_1)
FNDA:165,(anonymous_2)
FNDA:163,(anonymous_3)
FNDA:165,(anonymous_4)
FNDA:170,(anonymous_5)
FNDA:2,onRangeTouched
FNDA:8,onRangeFocusedChange
FNDA:1,onMinChange
FNDA:1,onMaxChange
FNDA:1,onClear
FNDA:6,template
DA:1,6
DA:13,6
DA:15,6
DA:30,336
DA:31,160
DA:32,160
DA:33,160
DA:34,160
DA:35,160
DA:36,160
DA:37,160
DA:39,160
DA:40,160
DA:41,160
DA:42,160
DA:43,160
DA:45,160
DA:46,160
DA:47,160
DA:49,160
DA:50,163
DA:53,165
DA:58,160
DA:59,160
DA:61,160
DA:62,163
DA:65,160
DA:66,165
DA:69,160
DA:70,170
DA:74,2
DA:78,8
DA:82,1
DA:83,1
DA:87,1
DA:88,1
DA:92,1
LF:37
LH:37
BRDA:31,0,0,160
BRDA:32,1,0,160
BRDA:33,2,0,160
BRDA:34,3,0,160
BRDA:35,4,0,160
BRDA:36,5,0,160
BRDA:37,6,0,160
BRDA:39,7,0,160
BRDA:40,8,0,160
BRDA:41,9,0,160
BRDA:42,10,0,160
BRDA:43,11,0,160
BRDA:50,12,0,163
BRDA:50,12,1,78
BRDA:50,12,2,75
BRDA:50,13,0,160
BRDA:56,14,0,160
BRDA:58,15,0,160
BRDA:59,16,0,160
BRDA:62,17,0,163
BRDA:62,17,1,3
BRDA:62,18,0,160
BRDA:66,19,0,165
BRDA:66,19,1,159
BRDA:66,20,0,160
BRDA:70,21,0,170
BRDA:70,21,1,167
BRDA:70,22,0,160
BRDA:83,23,0,0
BRDA:83,23,1,1
BRDA:88,24,0,1
BRDA:88,24,1,0
BRDA:30,25,0,160
BRDA:30,25,1,160
BRDA:30,26,0,160
BRDA:30,26,1,176
BRDA:30,27,0,6
BRDA:30,27,1,6
BRDA:30,27,2,6
BRDA:30,28,0,6
BRDA:30,28,1,6
BRDA:30,28,2,6
BRF:42
BRH:40
end_of_record
TN:
SF:src\app\components\common\atlas-form-minmaxinput\reference\atlas-number-range-control.directive.ts
FN:57,empty
FN:61,shouldLabelFloat
FN:65,userAriaDescribedBy
FN:69,constructor
FN:71,ngOnChanges
FN:83,ngOnDestroy
FN:87,setDescribedByIds
FN:92,onContainerClick
FN:109,onFocusIn
FN:118,onFocusOut
FN:34,hostBindings
FN:34,AtlasNumberRangeControlDirective_focusin_HostBindingHandler
FN:25,(anonymous_12)
FNF:13
FNH:13
FNDA:843,empty
FNDA:856,shouldLabelFloat
FNDA:4940,userAriaDescribedBy
FNDA:168,constructor
FNDA:177,ngOnChanges
FNDA:168,ngOnDestroy
FNDA:1261,setDescribedByIds
FNDA:4,onContainerClick
FNDA:12,onFocusIn
FNDA:5,onFocusOut
FNDA:11,hostBindings
FNDA:12,AtlasNumberRangeControlDirective_focusin_HostBindingHandler
FNDA:160,(anonymous_12)
DA:1,6
DA:25,160
DA:34,372
DA:37,6
DA:39,168
DA:40,168
DA:41,168
DA:42,168
DA:43,168
DA:45,168
DA:46,168
DA:48,168
DA:49,168
DA:50,168
DA:51,168
DA:52,168
DA:53,168
DA:55,168
DA:58,843
DA:62,856
DA:66,4940
DA:69,168
DA:72,177
DA:79,177
DA:84,168
DA:88,1261
DA:89,1261
DA:93,4
DA:94,4
DA:95,4
DA:96,4
DA:97,8
DA:98,2
DA:99,2
DA:104,2
DA:105,2
DA:110,12
DA:111,10
DA:112,10
DA:113,10
DA:119,5
DA:120,5
DA:121,2
DA:123,3
DA:124,3
DA:125,3
DA:126,3
DA:128,3
LF:48
LH:48
BRDA:58,0,0,843
BRDA:58,0,1,817
BRDA:62,1,0,856
BRDA:62,1,1,841
BRDA:72,2,0,177
BRDA:72,2,1,0
BRDA:73,3,0,177
BRDA:73,3,1,3
BRDA:73,3,2,2
BRDA:73,3,3,0
BRDA:73,3,4,0
BRDA:94,4,0,4
BRDA:94,4,1,0
BRDA:97,5,0,2
BRDA:97,5,1,6
BRDA:110,6,0,10
BRDA:110,6,1,2
BRDA:120,7,0,2
BRDA:120,7,1,3
BRDA:120,8,0,5
BRDA:120,8,1,2
BRDA:123,9,0,3
BRDA:123,9,1,0
BRDA:34,10,0,168
BRDA:34,10,1,168
BRDA:34,11,0,168
BRDA:34,11,1,204
BRDA:34,12,0,6
BRDA:34,12,1,6
BRDA:34,12,2,6
BRF:30
BRH:25
end_of_record
TN:
SF:src\app\components\common\atlas-form-multi-autocomplete\atlas-form-multi-autocomplete.component.html
FN:13,AtlasFormMultiAutocompleteComponent_For_6_Template_mat_chip_row_removed_0_listener
FN:28,AtlasFormMultiAutocompleteComponent_Template_input_matChipInputTokenEnd_7_listener
FN:32,AtlasFormMultiAutocompleteComponent_Template_mat_autocomplete_optionSelected_8_listener
FNF:3
FNH:0
FNDA:0,AtlasFormMultiAutocompleteComponent_For_6_Template_mat_chip_row_removed_0_listener
FNDA:0,AtlasFormMultiAutocompleteComponent_Template_input_matChipInputTokenEnd_7_listener
FNDA:0,AtlasFormMultiAutocompleteComponent_Template_mat_autocomplete_optionSelected_8_listener
DA:1,31
DA:2,72
DA:5,72
DA:8,72
DA:10,72
DA:11,72
DA:12,3
DA:13,0
DA:14,6
DA:15,6
DA:16,3
DA:20,31
DA:22,31
DA:23,72
DA:28,31
DA:30,31
DA:32,31
DA:33,72
DA:34,32
DA:35,90
DA:36,90
DA:37,32
DA:39,31
DA:41,72
DA:42,1
DA:43,1
DA:44,1
DA:47,31
LF:28
LH:27
BRDA:41,0,0,74
BRDA:41,0,1,234
BRF:2
BRH:2
end_of_record
TN:
SF:src\app\components\common\atlas-form-multi-autocomplete\atlas-form-multi-autocomplete.component.ts
FN:86,constructor
FN:73,(anonymous_1)
FN:88,ngOnInit
FN:95,(anonymous_3)
FN:99,(anonymous_4)
FN:105,(anonymous_5)
FN:107,(anonymous_6)
FN:112,(anonymous_7)
FN:117,ngOnDestroy
FN:122,filteredOptions
FN:126,(anonymous_10)
FN:132,displayForKey
FN:133,(anonymous_12)
FN:136,onOptionSelected
FN:144,onInputTokenEnd
FN:151,(anonymous_15)
FN:161,remove
FN:162,(anonymous_17)
FN:167,writeValue
FN:169,registerOnChange
FN:171,registerOnTouched
FN:173,setDisabledState
FN:183,addOption
FN:191,patchControlValue
FN:201,syncSelectedIdsFromControl
FN:212,syncDisabled
FN:55,viewQuery
FN:50,(anonymous_27)
FN:53,template
FNF:29
FNH:29
FNDA:31,constructor
FNDA:1,(anonymous_1)
FNDA:31,ngOnInit
FNDA:7,(anonymous_3)
FNDA:7,(anonymous_4)
FNDA:15,(anonymous_5)
FNDA:1,(anonymous_6)
FNDA:8,(anonymous_7)
FNDA:31,ngOnDestroy
FNDA:73,filteredOptions
FNDA:99,(anonymous_10)
FNDA:8,displayForKey
FNDA:8,(anonymous_12)
FNDA:3,onOptionSelected
FNDA:1,onInputTokenEnd
FNDA:3,(anonymous_15)
FNDA:2,remove
FNDA:2,(anonymous_17)
FNDA:20,writeValue
FNDA:40,registerOnChange
FNDA:40,registerOnTouched
FNDA:20,setDisabledState
FNDA:4,addOption
FNDA:5,patchControlValue
FNDA:43,syncSelectedIdsFromControl
FNDA:38,syncDisabled
FNDA:3,viewQuery
FNDA:20,(anonymous_27)
FNDA:3,template
DA:1,3
DA:50,20
DA:53,103
DA:55,103
DA:56,31
DA:57,31
DA:58,31
DA:59,31
DA:60,31
DA:61,31
DA:62,31
DA:64,31
DA:66,31
DA:68,31
DA:70,31
DA:72,31
DA:73,1
DA:76,31
DA:78,31
DA:79,31
DA:81,31
DA:83,31
DA:84,31
DA:86,31
DA:89,31
DA:90,0
DA:92,31
DA:93,31
DA:95,31
DA:96,7
DA:97,7
DA:99,31
DA:100,7
DA:101,7
DA:104,31
DA:105,15
DA:108,1
DA:109,1
DA:112,31
DA:113,8
DA:118,31
DA:119,31
DA:123,73
DA:124,73
DA:125,73
DA:127,99
DA:133,8
DA:137,3
DA:138,3
DA:139,3
DA:141,3
DA:145,1
DA:146,1
DA:147,0
DA:148,0
DA:150,1
DA:152,3
DA:155,1
DA:156,1
DA:158,1
DA:162,2
DA:163,2
DA:164,2
DA:174,20
DA:175,20
DA:176,0
DA:178,20
DA:180,20
DA:184,4
DA:185,1
DA:187,3
DA:188,3
DA:192,5
DA:193,5
DA:194,5
DA:195,5
DA:196,5
DA:197,5
DA:198,5
DA:202,43
DA:203,43
DA:204,12
DA:205,31
DA:206,31
DA:208,0
DA:213,38
DA:214,38
DA:215,38
DA:216,0
DA:218,38
LF:90
LH:84
BRDA:73,0,0,1
BRDA:73,0,1,1
BRDA:89,1,0,0
BRDA:89,1,1,31
BRDA:123,2,0,73
BRDA:123,2,1,72
BRDA:127,3,0,99
BRDA:127,3,1,92
BRDA:127,3,2,2
BRDA:133,4,0,8
BRDA:133,4,1,0
BRDA:138,5,0,3
BRDA:138,5,1,0
BRDA:145,6,0,1
BRDA:145,6,1,0
BRDA:146,7,0,0
BRDA:146,7,1,1
BRDA:152,8,0,3
BRDA:152,8,1,3
BRDA:155,9,0,1
BRDA:155,9,1,0
BRDA:175,10,0,0
BRDA:175,10,1,20
BRDA:184,11,0,1
BRDA:184,11,1,3
BRDA:192,12,0,1
BRDA:192,12,1,4
BRDA:193,13,0,3
BRDA:193,13,1,2
BRDA:203,14,0,12
BRDA:203,14,1,31
BRDA:205,15,0,31
BRDA:205,15,1,0
BRDA:215,16,0,0
BRDA:215,16,1,38
BRDA:55,17,0,31
BRDA:55,17,1,31
BRDA:55,18,0,31
BRDA:55,18,1,72
BRDA:53,19,0,31
BRDA:53,19,1,72
BRDA:55,20,0,3
BRDA:55,20,1,3
BRDA:55,20,2,3
BRDA:55,21,0,3
BRDA:55,21,1,3
BRDA:55,21,2,3
BRF:47
BRH:38
end_of_record
TN:
SF:src\app\components\common\atlas-form-multi-select\atlas-form-multi-select.component.html
FN:9,AtlasFormMultiSelectComponent_Conditional_1_Template_span_click_1_listener
FN:9,AtlasFormMultiSelectComponent_Conditional_1_Template_span_keydown_enter_1_listener
FN:10,AtlasFormMultiSelectComponent_Conditional_1_Template_span_keydown_space_1_listener
FN:25,AtlasFormMultiSelectComponent_Conditional_2_Conditional_1_Template_span_click_0_listener
FN:25,AtlasFormMultiSelectComponent_Conditional_2_Conditional_1_Template_span_keydown_enter_0_listener
FN:26,AtlasFormMultiSelectComponent_Conditional_2_Conditional_1_Template_span_keydown_space_0_listener
FN:37,AtlasFormMultiSelectComponent_Conditional_2_Conditional_2_Template_span_click_0_listener
FN:37,AtlasFormMultiSelectComponent_Conditional_2_Conditional_2_Template_span_keydown_enter_0_listener
FN:38,AtlasFormMultiSelectComponent_Conditional_2_Conditional_2_Template_span_keydown_space_0_listener
FN:97,AtlasFormMultiSelectComponent_Conditional_6_ng_template_2_For_2_For_5_Template_mat_checkbox_change_0_listener
FN:88,AtlasFormMultiSelectComponent_Conditional_6_ng_template_2_For_2_Template_mat_checkbox_change_1_listener
FN:80,AtlasFormMultiSelectComponent_Conditional_6_ng_template_2_Template_div_keydown_escape_0_listener
FN:65,AtlasFormMultiSelectComponent_Conditional_6_Template_input_click_0_listener
FN:65,AtlasFormMultiSelectComponent_Conditional_6_Template_input_keydown_0_listener
FN:74,AtlasFormMultiSelectComponent_Conditional_6_Template_ng_template_backdropClick_2_listener
FN:74,AtlasFormMultiSelectComponent_Conditional_6_Template_ng_template_detach_2_listener
FN:114,AtlasFormMultiSelectComponent_Conditional_7_Template_mat_icon_click_0_listener
FN:121,AtlasFormMultiSelectComponent_Conditional_8_Template_mat_select_closed_0_listener
FN:135,AtlasFormMultiSelectComponent_Conditional_9_Template_button_click_0_listener
FNF:19
FNH:1
FNDA:3,AtlasFormMultiSelectComponent_Conditional_1_Template_span_click_1_listener
FNDA:0,AtlasFormMultiSelectComponent_Conditional_1_Template_span_keydown_enter_1_listener
FNDA:0,AtlasFormMultiSelectComponent_Conditional_1_Template_span_keydown_space_1_listener
FNDA:0,AtlasFormMultiSelectComponent_Conditional_2_Conditional_1_Template_span_click_0_listener
FNDA:0,AtlasFormMultiSelectComponent_Conditional_2_Conditional_1_Template_span_keydown_enter_0_listener
FNDA:0,AtlasFormMultiSelectComponent_Conditional_2_Conditional_1_Template_span_keydown_space_0_listener
FNDA:0,AtlasFormMultiSelectComponent_Conditional_2_Conditional_2_Template_span_click_0_listener
FNDA:0,AtlasFormMultiSelectComponent_Conditional_2_Conditional_2_Template_span_keydown_enter_0_listener
FNDA:0,AtlasFormMultiSelectComponent_Conditional_2_Conditional_2_Template_span_keydown_space_0_listener
FNDA:0,AtlasFormMultiSelectComponent_Conditional_6_ng_template_2_For_2_For_5_Template_mat_checkbox_change_0_listener
FNDA:0,AtlasFormMultiSelectComponent_Conditional_6_ng_template_2_For_2_Template_mat_checkbox_change_1_listener
FNDA:0,AtlasFormMultiSelectComponent_Conditional_6_ng_template_2_Template_div_keydown_escape_0_listener
FNDA:0,AtlasFormMultiSelectComponent_Conditional_6_Template_input_click_0_listener
FNDA:0,AtlasFormMultiSelectComponent_Conditional_6_Template_input_keydown_0_listener
FNDA:0,AtlasFormMultiSelectComponent_Conditional_6_Template_ng_template_backdropClick_2_listener
FNDA:0,AtlasFormMultiSelectComponent_Conditional_6_Template_ng_template_detach_2_listener
FNDA:0,AtlasFormMultiSelectComponent_Conditional_7_Template_mat_icon_click_0_listener
FNDA:0,AtlasFormMultiSelectComponent_Conditional_8_Template_mat_select_closed_0_listener
FNDA:0,AtlasFormMultiSelectComponent_Conditional_9_Template_button_click_0_listener
DA:1,153
DA:2,253
DA:3,7
DA:6,16
DA:9,7
DA:10,0
DA:11,0
DA:12,16
DA:13,7
DA:17,253
DA:18,39
DA:19,59
DA:20,14
DA:22,28
DA:25,14
DA:26,0
DA:27,0
DA:28,14
DA:29,14
DA:31,59
DA:32,14
DA:34,28
DA:37,14
DA:38,0
DA:39,0
DA:40,14
DA:41,14
DA:43,39
DA:46,153
DA:47,253
DA:50,253
DA:52,253
DA:54,253
DA:55,39
DA:63,59
DA:65,39
DA:68,39
DA:70,59
DA:74,39
DA:76,0
DA:80,0
DA:81,0
DA:82,0
DA:85,0
DA:88,0
DA:89,0
DA:90,0
DA:91,0
DA:92,0
DA:93,0
DA:95,0
DA:97,0
DA:98,0
DA:99,0
DA:101,0
DA:104,0
DA:108,253
DA:109,39
DA:112,59
DA:114,39
DA:116,128
DA:119,194
DA:121,0
DA:122,194
DA:123,170
DA:124,170
DA:125,79
DA:127,128
DA:130,253
DA:131,1
DA:135,0
DA:136,1
DA:140,153
DA:141,153
LF:74
LH:49
BRDA:19,0,0,28
BRDA:19,0,1,31
BRDA:31,1,0,28
BRDA:31,1,1,31
BRDA:2,2,0,16
BRDA:2,2,1,237
BRDA:2,3,0,253
BRDA:2,3,1,105
BRDA:2,3,2,103
BRDA:17,4,0,59
BRDA:17,4,1,194
BRDA:54,5,0,59
BRDA:54,5,1,194
BRDA:108,6,0,59
BRDA:108,6,1,194
BRDA:130,7,0,254
BRDA:130,7,1,254
BRF:17
BRH:17
end_of_record
TN:
SF:src\app\components\common\atlas-form-multi-select\atlas-form-multi-select.component.ts
FN:259,toStringArray
FN:262,(anonymous_1)
FN:263,(anonymous_2)
FN:264,(anonymous_3)
FN:74,control
FN:78,value
FN:90,effectiveControl
FN:94,viewGroups
FN:98,fixedGroup
FN:99,(anonymous_9)
FN:102,scannerGroup
FN:103,(anonymous_11)
FN:106,selectedKeys
FN:110,opticsTriggerText
FN:120,constructor
FN:116,(anonymous_15)
FN:117,(anonymous_16)
FN:122,ngOnInit
FN:123,(anonymous_18)
FN:130,(anonymous_19)
FN:135,ngOnDestroy
FN:140,writeValue
FN:144,registerOnChange
FN:148,registerOnTouched
FN:152,setDisabledState
FN:163,onClear
FN:170,markAsTouched
FN:174,togglePanel
FN:185,closePanel
FN:194,isOptionSelected
FN:198,groupSelectionState
FN:202,onGroupChange
FN:208,onChildChange
FN:214,selectAll
FN:221,(anonymous_34)
FN:226,selectGroup
FN:230,(anonymous_36)
FN:239,onOpticsTriggerKeydown
FN:250,onEscape
FN:254,setSelection
FN:63,hostBindings
FN:63,AtlasFormMultiSelectComponent_keydown_escape_HostBindingHandler
FN:58,(anonymous_42)
FN:61,template
FNF:44
FNH:38
FNDA:132,toStringArray
FNDA:6,(anonymous_1)
FNDA:5,(anonymous_2)
FNDA:5,(anonymous_3)
FNDA:1,control
FNDA:129,value
FNDA:756,effectiveControl
FNDA:130,viewGroups
FNDA:61,fixedGroup
FNDA:30,(anonymous_9)
FNDA:61,scannerGroup
FNDA:60,(anonymous_11)
FNDA:72,selectedKeys
FNDA:59,opticsTriggerText
FNDA:153,constructor
FNDA:18,(anonymous_15)
FNDA:1,(anonymous_16)
FNDA:153,ngOnInit
FNDA:19,(anonymous_18)
FNDA:19,(anonymous_19)
FNDA:153,ngOnDestroy
FNDA:3,writeValue
FNDA:1,registerOnChange
FNDA:2,registerOnTouched
FNDA:4,setDisabledState
FNDA:1,onClear
FNDA:3,markAsTouched
FNDA:0,togglePanel
FNDA:1,closePanel
FNDA:0,isOptionSelected
FNDA:1,groupSelectionState
FNDA:2,onGroupChange
FNDA:2,onChildChange
FNDA:7,selectAll
FNDA:16,(anonymous_34)
FNDA:5,selectGroup
FNDA:6,(anonymous_36)
FNDA:0,onOpticsTriggerKeydown
FNDA:0,onEscape
FNDA:12,setSelection
FNDA:6,hostBindings
FNDA:0,AtlasFormMultiSelectComponent_keydown_escape_HostBindingHandler
FNDA:0,(anonymous_42)
FNDA:6,template
DA:1,6
DA:23,6
DA:58,0
DA:61,406
DA:63,406
DA:64,153
DA:65,153
DA:66,153
DA:67,153
DA:68,153
DA:69,153
DA:70,153
DA:71,153
DA:72,153
DA:75,1
DA:79,129
DA:80,129
DA:83,153
DA:84,153
DA:86,153
DA:88,153
DA:91,756
DA:95,130
DA:99,61
DA:103,61
DA:107,72
DA:111,59
DA:114,153
DA:115,153
DA:116,153
DA:117,153
DA:118,153
DA:120,153
DA:123,153
DA:124,19
DA:125,19
DA:126,19
DA:127,19
DA:130,153
DA:131,19
DA:136,153
DA:137,153
DA:141,3
DA:145,1
DA:149,2
DA:153,4
DA:154,4
DA:155,3
DA:156,3
DA:158,1
DA:160,4
DA:164,1
DA:165,1
DA:166,1
DA:167,1
DA:171,3
DA:175,0
DA:176,0
DA:178,0
DA:179,0
DA:180,0
DA:182,0
DA:186,1
DA:187,0
DA:189,1
DA:190,1
DA:191,1
DA:195,0
DA:199,1
DA:203,2
DA:204,2
DA:205,2
DA:209,2
DA:210,2
DA:211,2
DA:215,7
DA:216,1
DA:218,6
DA:219,1
DA:221,16
DA:222,5
DA:223,5
DA:227,5
DA:228,1
DA:230,6
DA:231,4
DA:232,1
DA:234,3
DA:235,3
DA:236,3
DA:240,0
DA:241,0
DA:243,0
DA:244,0
DA:245,0
DA:251,0
DA:255,12
DA:260,132
DA:261,130
DA:262,6
DA:263,5
DA:264,5
DA:266,2
DA:267,1
DA:269,1
LF:105
LH:90
BRDA:260,0,0,130
BRDA:260,0,1,2
BRDA:266,1,0,1
BRDA:266,1,1,1
BRDA:266,2,0,2
BRDA:266,2,1,1
BRDA:91,3,0,756
BRDA:91,3,1,751
BRDA:107,4,0,72
BRDA:107,4,1,0
BRDA:124,5,0,19
BRDA:124,5,1,0
BRDA:154,6,0,3
BRDA:154,6,1,1
BRDA:175,7,0,0
BRDA:175,7,1,0
BRDA:179,8,0,0
BRDA:179,8,1,0
BRDA:186,9,0,0
BRDA:186,9,1,1
BRDA:215,10,0,1
BRDA:215,10,1,6
BRDA:218,11,0,1
BRDA:218,11,1,5
BRDA:227,12,0,1
BRDA:227,12,1,4
BRDA:231,13,0,1
BRDA:231,13,1,3
BRDA:240,14,0,0
BRDA:240,14,1,0
BRDA:243,15,0,0
BRDA:243,15,1,0
BRDA:243,16,0,0
BRDA:243,16,1,0
BRDA:63,17,0,153
BRDA:63,17,1,153
BRDA:63,18,0,153
BRDA:63,18,1,253
BRDA:61,19,0,153
BRDA:61,19,1,253
BRDA:63,20,0,6
BRDA:63,20,1,6
BRDA:63,20,2,6
BRDA:63,21,0,6
BRDA:63,21,1,6
BRDA:63,21,2,6
BRF:46
BRH:33
end_of_record
TN:
SF:src\app\components\common\atlas-form-multi-select\optics-grouping.util.ts
FN:14,optionKeyToString
FN:19,isScannerOpticsOption
FN:23,buildOpticsGroups
FN:35,(anonymous_3)
FN:49,(anonymous_4)
FN:53,getGroupChildKeys
FN:54,(anonymous_6)
FN:57,getGroupSelectionState
FN:82,toggleGroupSelection
FN:95,(anonymous_9)
FN:98,toggleChildSelection
FN:112,formatMultiSelectTriggerText
FN:120,(anonymous_12)
FN:122,(anonymous_13)
FN:123,(anonymous_14)
FNF:15
FNH:15
FNDA:33,optionKeyToString
FNDA:272,isScannerOpticsOption
FNDA:133,buildOpticsGroups
FNDA:130,(anonymous_3)
FNDA:69,(anonymous_4)
FNDA:7,getGroupChildKeys
FNDA:13,(anonymous_6)
FNDA:4,getGroupSelectionState
FNDA:12,toggleGroupSelection
FNDA:6,(anonymous_9)
FNDA:4,toggleChildSelection
FNDA:61,formatMultiSelectTriggerText
FNDA:2,(anonymous_12)
FNDA:2,(anonymous_13)
FNDA:2,(anonymous_14)
DA:3,6
DA:4,6
DA:5,6
DA:15,33
DA:20,272
DA:24,133
DA:25,133
DA:27,133
DA:28,270
DA:29,135
DA:31,135
DA:35,133
DA:36,130
DA:38,133
DA:39,133
DA:41,133
DA:42,133
DA:43,70
DA:45,133
DA:46,70
DA:49,133
DA:50,133
DA:54,13
DA:61,4
DA:62,0
DA:65,4
DA:66,4
DA:67,4
DA:68,11
DA:69,5
DA:73,4
DA:74,1
DA:76,3
DA:77,1
DA:79,2
DA:87,12
DA:88,12
DA:89,10
DA:90,10
DA:91,26
DA:93,10
DA:95,6
DA:103,4
DA:104,4
DA:105,2
DA:107,2
DA:109,4
DA:116,61
DA:117,60
DA:120,2
DA:121,1
DA:122,2
DA:123,2
LF:53
LH:52
BRDA:28,0,0,135
BRDA:28,0,1,135
BRDA:42,1,0,70
BRDA:42,1,1,63
BRDA:45,2,0,70
BRDA:45,2,1,63
BRDA:61,3,0,0
BRDA:61,3,1,4
BRDA:68,4,0,5
BRDA:68,4,1,6
BRDA:73,5,0,1
BRDA:73,5,1,3
BRDA:76,6,0,1
BRDA:76,6,1,2
BRDA:88,7,0,10
BRDA:88,7,1,2
BRDA:104,8,0,2
BRDA:104,8,1,2
BRDA:116,9,0,60
BRDA:116,9,1,1
BRDA:123,10,0,2
BRDA:123,10,1,2
BRF:22
BRH:21
end_of_record
TN:
SF:src\app\components\common\atlas-form-nomminmaxinput\atlas-form-nomminmaxinput.component.html
FN:59,AtlasFormNomminmaxinputComponent_Conditional_11_Template_button_click_0_listener
FN:17,AtlasFormNomminmaxinputComponent_Template_div_touched_3_listener
FN:17,AtlasFormNomminmaxinputComponent_Template_div_focusedChange_3_listener
FN:26,AtlasFormNomminmaxinputComponent_Template_input_change_4_listener
FN:37,AtlasFormNomminmaxinputComponent_Template_input_change_7_listener
FN:48,AtlasFormNomminmaxinputComponent_Template_input_change_10_listener
FNF:6
FNH:4
FNDA:1,AtlasFormNomminmaxinputComponent_Conditional_11_Template_button_click_0_listener
FNDA:1,AtlasFormNomminmaxinputComponent_Template_div_touched_3_listener
FNDA:6,AtlasFormNomminmaxinputComponent_Template_div_focusedChange_3_listener
FNDA:2,AtlasFormNomminmaxinputComponent_Template_input_change_4_listener
FNDA:0,AtlasFormNomminmaxinputComponent_Template_input_change_7_listener
FNDA:0,AtlasFormNomminmaxinputComponent_Template_input_change_10_listener
DA:1,94
DA:5,102
DA:6,102
DA:8,102
DA:10,94
DA:12,102
DA:14,102
DA:17,94
DA:20,94
DA:23,102
DA:26,94
DA:29,94
DA:31,94
DA:34,102
DA:37,94
DA:40,94
DA:42,94
DA:45,102
DA:48,94
DA:52,102
DA:53,1
DA:59,1
DA:61,1
DA:64,94
LF:24
LH:24
BRDA:23,0,0,6
BRDA:23,0,1,96
BRDA:23,1,0,102
BRDA:23,1,1,101
BRDA:34,2,0,6
BRDA:34,2,1,96
BRDA:34,3,0,102
BRDA:34,3,1,102
BRDA:45,4,0,6
BRDA:45,4,1,96
BRDA:45,5,0,102
BRDA:45,5,1,102
BRDA:52,6,0,1
BRDA:52,6,1,101
BRF:14
BRH:14
end_of_record
TN:
SF:src\app\components\common\atlas-form-nomminmaxinput\atlas-form-nomminmaxinput.component.ts
FN:17,constructor
FN:49,(anonymous_1)
FN:56,(anonymous_2)
FN:66,(anonymous_3)
FN:70,(anonymous_4)
FN:77,(anonymous_5)
FN:80,onRangeTouched
FN:84,onRangeFocusedChange
FN:88,onNomChange
FN:104,onMinChange
FN:109,onMaxChange
FN:114,onClear
FN:30,template
FNF:13
FNH:11
FNDA:94,constructor
FNDA:95,(anonymous_1)
FNDA:95,(anonymous_2)
FNDA:95,(anonymous_3)
FNDA:95,(anonymous_4)
FNDA:99,(anonymous_5)
FNDA:1,onRangeTouched
FNDA:6,onRangeFocusedChange
FNDA:2,onNomChange
FNDA:0,onMinChange
FNDA:0,onMaxChange
FNDA:1,onClear
FNDA:3,template
DA:1,3
DA:13,3
DA:15,3
DA:30,196
DA:31,94
DA:32,94
DA:33,94
DA:34,94
DA:36,94
DA:37,94
DA:38,94
DA:40,94
DA:41,94
DA:43,94
DA:44,94
DA:45,94
DA:46,94
DA:48,94
DA:50,95
DA:56,95
DA:62,94
DA:63,94
DA:65,94
DA:66,95
DA:69,94
DA:71,95
DA:76,94
DA:77,99
DA:81,1
DA:85,6
DA:89,2
DA:90,2
DA:91,2
DA:93,2
DA:94,1
DA:95,1
DA:97,1
DA:98,1
DA:99,1
DA:100,1
DA:105,0
DA:106,0
DA:110,0
DA:111,0
DA:115,1
LF:45
LH:41
BRDA:31,0,0,94
BRDA:32,1,0,94
BRDA:33,2,0,94
BRDA:34,3,0,94
BRDA:36,4,0,94
BRDA:37,5,0,94
BRDA:38,6,0,94
BRDA:40,7,0,94
BRDA:41,8,0,94
BRDA:50,9,0,95
BRDA:50,9,1,85
BRDA:50,9,2,84
BRDA:50,9,3,84
BRDA:53,10,0,94
BRDA:60,11,0,94
BRDA:62,12,0,94
BRDA:63,13,0,94
BRDA:66,14,0,95
BRDA:66,14,1,1
BRDA:66,15,0,94
BRDA:71,16,0,95
BRDA:71,16,1,94
BRDA:71,16,2,94
BRDA:73,17,0,94
BRDA:77,18,0,99
BRDA:77,18,1,96
BRDA:77,19,0,94
BRDA:90,20,0,1
BRDA:90,20,1,1
BRDA:93,21,0,1
BRDA:93,21,1,1
BRDA:106,22,0,0
BRDA:106,22,1,0
BRDA:111,23,0,0
BRDA:111,23,1,0
BRDA:30,24,0,94
BRDA:30,24,1,94
BRDA:30,25,0,94
BRDA:30,25,1,102
BRDA:30,26,0,3
BRDA:30,26,1,3
BRDA:30,26,2,3
BRDA:30,27,0,3
BRDA:30,27,1,3
BRDA:30,27,2,3
BRF:45
BRH:41
end_of_record
TN:
SF:src\app\components\common\atlas-form-nomminmaxinput\reference\atlas-nom-number-range-control.directive.ts
FN:57,empty
FN:65,shouldLabelFloat
FN:69,userAriaDescribedBy
FN:73,constructor
FN:75,ngOnChanges
FN:87,ngOnDestroy
FN:91,setDescribedByIds
FN:96,onContainerClick
FN:113,onFocusIn
FN:122,onFocusOut
FN:34,hostBindings
FN:34,AtlasNomNumberRangeControlDirective_focusin_HostBindingHandler
FN:25,(anonymous_12)
FNF:13
FNH:13
FNDA:481,empty
FNDA:495,shouldLabelFloat
FNDA:300,userAriaDescribedBy
FNDA:94,constructor
FNDA:96,ngOnChanges
FNDA:94,ngOnDestroy
FNDA:95,setDescribedByIds
FNDA:2,onContainerClick
FNDA:5,onFocusIn
FNDA:3,onFocusOut
FNDA:6,hostBindings
FNDA:5,AtlasNomNumberRangeControlDirective_focusin_HostBindingHandler
FNDA:94,(anonymous_12)
DA:1,3
DA:25,94
DA:34,196
DA:37,3
DA:39,94
DA:40,94
DA:41,94
DA:42,94
DA:43,94
DA:45,94
DA:46,94
DA:48,94
DA:49,94
DA:50,94
DA:51,94
DA:52,94
DA:53,94
DA:55,94
DA:58,481
DA:66,495
DA:70,300
DA:73,94
DA:76,96
DA:83,96
DA:88,94
DA:92,95
DA:93,95
DA:97,2
DA:98,2
DA:99,2
DA:100,2
DA:101,6
DA:102,1
DA:103,1
DA:108,1
DA:109,1
DA:114,5
DA:115,5
DA:116,5
DA:117,5
DA:123,3
DA:124,3
DA:125,2
DA:127,1
DA:128,1
DA:129,1
DA:130,1
DA:132,1
LF:48
LH:48
BRDA:59,0,0,481
BRDA:59,0,1,478
BRDA:59,0,2,478
BRDA:66,1,0,495
BRDA:66,1,1,481
BRDA:76,2,0,96
BRDA:76,2,1,0
BRDA:77,3,0,96
BRDA:77,3,1,1
BRDA:77,3,2,1
BRDA:77,3,3,0
BRDA:77,3,4,0
BRDA:98,4,0,2
BRDA:98,4,1,0
BRDA:101,5,0,1
BRDA:101,5,1,5
BRDA:114,6,0,5
BRDA:114,6,1,0
BRDA:124,7,0,2
BRDA:124,7,1,1
BRDA:124,8,0,3
BRDA:124,8,1,2
BRDA:127,9,0,1
BRDA:127,9,1,0
BRDA:34,10,0,94
BRDA:34,10,1,94
BRDA:34,11,0,94
BRDA:34,11,1,102
BRDA:34,12,0,3
BRDA:34,12,1,3
BRDA:34,12,2,3
BRF:31
BRH:25
end_of_record
TN:
SF:src\app\components\common\atlas-form-select\atlas-form-select.component.html
FN:28,AtlasFormSelectComponent_Conditional_6_Template_button_click_0_listener
FNF:1
FNH:0
FNDA:0,AtlasFormSelectComponent_Conditional_6_Template_button_click_0_listener
DA:1,55
DA:2,81
DA:5,81
DA:8,81
DA:10,55
DA:12,81
DA:15,81
DA:16,53
DA:17,110
DA:18,110
DA:19,53
DA:21,55
DA:23,81
DA:24,14
DA:28,0
DA:29,14
DA:33,81
DA:34,0
DA:35,0
DA:36,0
DA:39,81
DA:44,0
DA:46,0
DA:47,0
DA:50,81
DA:51,0
DA:52,0
DA:53,0
DA:56,81
DA:57,0
DA:58,0
DA:59,0
DA:62,81
DA:63,0
DA:64,0
DA:65,0
DA:68,55
DA:70,55
LF:38
LH:22
BRDA:23,0,0,95
BRDA:23,0,1,81
BRDA:33,1,0,132
BRDA:33,1,1,111
BRDA:39,2,0,0
BRDA:39,2,1,81
BRDA:39,3,0,81
BRDA:39,3,1,0
BRDA:39,3,2,0
BRDA:50,4,0,132
BRDA:50,4,1,111
BRDA:56,5,0,132
BRDA:56,5,1,111
BRDA:62,6,0,132
BRDA:62,6,1,111
BRF:15
BRH:12
end_of_record
TN:
SF:src\app\components\common\atlas-form-select\atlas-form-select.component.ts
FN:43,value
FN:52,effectiveControl
FN:60,constructor
FN:62,ngOnInit
FN:65,(anonymous_4)
FN:72,(anonymous_5)
FN:77,ngOnDestroy
FN:82,writeValue
FN:86,registerOnChange
FN:89,registerOnTouched
FN:92,setDisabledState
FN:97,onClear
FN:30,hostBindings
FN:25,(anonymous_13)
FN:28,template
FNF:15
FNH:12
FNDA:50,value
FNDA:205,effectiveControl
FNDA:55,constructor
FNDA:55,ngOnInit
FNDA:0,(anonymous_4)
FNDA:0,(anonymous_5)
FNDA:55,ngOnDestroy
FNDA:10,writeValue
FNDA:20,registerOnChange
FNDA:20,registerOnTouched
FNDA:10,setDisabledState
FNDA:0,onClear
FNDA:6,hostBindings
FNDA:10,(anonymous_13)
FNDA:6,template
DA:1,6
DA:25,10
DA:28,136
DA:30,136
DA:31,55
DA:32,55
DA:33,55
DA:34,55
DA:35,55
DA:36,55
DA:37,55
DA:38,55
DA:39,55
DA:41,55
DA:44,50
DA:47,55
DA:48,55
DA:50,55
DA:53,205
DA:56,55
DA:58,55
DA:60,55
DA:63,55
DA:66,0
DA:67,0
DA:70,55
DA:73,0
DA:78,55
DA:79,55
DA:83,10
DA:93,10
DA:94,10
DA:98,0
DA:99,0
LF:34
LH:29
BRDA:53,0,0,205
BRDA:53,0,1,149
BRDA:30,1,0,55
BRDA:30,1,1,55
BRDA:30,2,0,81
BRDA:30,2,1,55
BRDA:28,3,0,55
BRDA:28,3,1,81
BRDA:30,4,0,6
BRDA:30,4,1,6
BRDA:30,4,2,6
BRDA:30,5,0,6
BRDA:30,5,1,6
BRDA:30,5,2,6
BRF:14
BRH:14
end_of_record
TN:
SF:src\app\components\common\atlas-form-slidetoggle\atlas-form-slidetoggle.component.html
FN:5,AtlasFormSlideToggleComponent_Template_mat_slide_toggle_change_0_listener
FNF:1
FNH:0
FNDA:0,AtlasFormSlideToggleComponent_Template_mat_slide_toggle_change_0_listener
DA:1,19
DA:2,29
DA:3,29
DA:5,19
DA:6,29
DA:7,19
LF:6
LH:6
BRF:0
BRH:0
end_of_record
TN:
SF:src\app\components\common\atlas-form-slidetoggle\atlas-form-slidetoggle.component.ts
FN:112,toBoolean
FN:40,control
FN:44,value
FN:52,effectiveControl
FN:62,constructor
FN:58,(anonymous_5)
FN:59,(anonymous_6)
FN:64,ngOnInit
FN:65,(anonymous_8)
FN:71,(anonymous_9)
FN:76,ngOnDestroy
FN:81,writeValue
FN:85,registerOnChange
FN:89,registerOnTouched
FN:93,setDisabledState
FN:103,onSlideChange
FN:107,markAsTouched
FN:30,(anonymous_17)
FN:33,template
FNF:19
FNH:16
FNDA:17,toBoolean
FNDA:1,control
FNDA:14,value
FNDA:94,effectiveControl
FNDA:19,constructor
FNDA:1,(anonymous_5)
FNDA:0,(anonymous_6)
FNDA:19,ngOnInit
FNDA:2,(anonymous_8)
FNDA:2,(anonymous_9)
FNDA:19,ngOnDestroy
FNDA:3,writeValue
FNDA:1,registerOnChange
FNDA:1,registerOnTouched
FNDA:2,setDisabledState
FNDA:0,onSlideChange
FNDA:1,markAsTouched
FNDA:0,(anonymous_17)
FNDA:5,template
DA:2,5
DA:30,0
DA:33,48
DA:35,5
DA:36,19
DA:37,19
DA:38,19
DA:41,1
DA:45,14
DA:48,19
DA:50,19
DA:53,94
DA:56,19
DA:57,19
DA:58,19
DA:59,19
DA:60,19
DA:62,19
DA:65,19
DA:66,2
DA:67,2
DA:68,2
DA:71,19
DA:72,2
DA:77,19
DA:78,19
DA:82,3
DA:86,1
DA:90,1
DA:94,2
DA:95,2
DA:96,1
DA:98,1
DA:100,2
DA:104,0
DA:108,1
DA:113,17
LF:37
LH:35
BRDA:113,0,0,17
BRDA:113,0,1,16
BRDA:113,0,2,16
BRDA:113,0,3,5
BRDA:53,1,0,94
BRDA:53,1,1,89
BRDA:95,2,0,1
BRDA:95,2,1,1
BRDA:35,3,0,19
BRDA:35,3,1,19
BRDA:33,4,0,19
BRDA:33,4,1,29
BRDA:35,5,0,5
BRDA:35,5,1,5
BRDA:35,5,2,5
BRDA:35,6,0,5
BRDA:35,6,1,5
BRDA:35,6,2,5
BRF:18
BRH:18
end_of_record
TN:
SF:src\app\components\common\atlas-form-textarea\atlas-form-textarea.component.html
FNF:0
FNH:0
DA:1,17
DA:2,42
DA:5,42
DA:7,42
DA:9,17
DA:12,42
DA:17,42
DA:18,0
DA:19,0
DA:20,0
DA:23,42
DA:28,0
DA:30,0
DA:31,0
DA:34,42
DA:35,0
DA:36,0
DA:37,0
DA:40,42
DA:41,0
DA:42,0
DA:43,0
DA:46,42
DA:47,0
DA:48,0
DA:49,0
DA:52,42
DA:53,1
DA:54,2
DA:55,1
DA:58,42
DA:59,1
DA:60,2
DA:61,1
DA:64,17
DA:66,17
LF:36
LH:21
BRDA:54,0,0,0
BRDA:54,0,1,4
BRDA:60,1,0,0
BRDA:60,1,1,2
BRDA:17,2,0,42
BRDA:17,2,1,124
BRDA:23,3,0,0
BRDA:23,3,1,42
BRDA:23,4,0,42
BRDA:23,4,1,0
BRDA:23,4,2,0
BRDA:34,5,0,42
BRDA:34,5,1,84
BRDA:40,6,0,42
BRDA:40,6,1,84
BRDA:46,7,0,42
BRDA:46,7,1,84
BRDA:52,8,0,44
BRDA:52,8,1,86
BRDA:58,9,0,2
BRDA:58,9,1,82
BRF:21
BRH:16
end_of_record
TN:
SF:src\app\components\common\atlas-form-textarea\atlas-form-textarea.component.ts
FN:37,constructor
FN:39,ngOnInit
FN:43,(anonymous_2)
FN:56,(anonymous_3)
FN:62,ngOnDestroy
FN:67,writeValue
FN:71,registerOnChange
FN:74,registerOnTouched
FN:77,setDisabledState
FN:22,hostBindings
FN:17,(anonymous_10)
FN:20,template
FNF:12
FNH:12
FNDA:17,constructor
FNDA:17,ngOnInit
FNDA:1,(anonymous_2)
FNDA:2,(anonymous_3)
FNDA:17,ngOnDestroy
FNDA:10,writeValue
FNDA:20,registerOnChange
FNDA:20,registerOnTouched
FNDA:10,setDisabledState
FNDA:3,hostBindings
FNDA:10,(anonymous_10)
FNDA:3,template
DA:2,3
DA:17,10
DA:20,59
DA:22,59
DA:23,17
DA:24,17
DA:25,17
DA:26,17
DA:27,17
DA:28,17
DA:29,17
DA:31,17
DA:33,17
DA:35,17
DA:37,17
DA:40,17
DA:41,17
DA:44,1
DA:45,1
DA:46,0
DA:47,0
DA:49,1
DA:50,1
DA:54,17
DA:57,2
DA:63,17
DA:64,17
LF:27
LH:25
BRDA:40,0,0,17
BRDA:40,0,1,0
BRDA:45,1,0,0
BRDA:45,1,1,1
BRDA:46,2,0,0
BRDA:46,2,1,0
BRDA:47,3,0,0
BRDA:47,3,1,0
BRDA:22,4,0,17
BRDA:22,4,1,17
BRDA:22,5,0,42
BRDA:22,5,1,17
BRDA:20,6,0,17
BRDA:20,6,1,42
BRDA:22,7,0,3
BRDA:22,7,1,3
BRDA:22,7,2,3
BRDA:22,8,0,3
BRDA:22,8,1,3
BRDA:22,8,2,3
BRF:20
BRH:14
end_of_record
TN:
SF:src\app\components\common\atlas-icon-button\atlas-icon-button.component.html
FN:11,AtlasIconButtonComponent_Conditional_0_Template_button_click_0_listener
FN:23,AtlasIconButtonComponent_Conditional_1_Template_button_click_0_listener
FNF:2
FNH:1
FNDA:0,AtlasIconButtonComponent_Conditional_0_Template_button_click_0_listener
FNDA:1,AtlasIconButtonComponent_Conditional_1_Template_button_click_0_listener
DA:1,39
DA:2,7
DA:6,7
DA:7,7
DA:11,0
DA:12,7
DA:15,29
DA:18,32
DA:19,32
DA:23,1
DA:24,32
LF:11
LH:10
BRDA:1,0,0,7
BRDA:1,0,1,32
BRF:2
BRH:2
end_of_record
TN:
SF:src\app\components\common\atlas-icon-button\atlas-icon-button.component.ts
FN:8,constructor
FN:15,template
FNF:2
FNH:2
FNDA:35,constructor
FNDA:5,template
DA:1,5
DA:15,74
DA:16,35
DA:17,35
DA:18,35
DA:19,35
DA:20,35
DA:22,35
DA:24,35
LF:9
LH:9
BRDA:16,0,0,35
BRDA:17,1,0,35
BRDA:18,2,0,35
BRDA:19,3,0,35
BRDA:20,4,0,35
BRDA:22,5,0,35
BRDA:15,6,0,35
BRDA:15,6,1,35
BRDA:15,7,0,35
BRDA:15,7,1,39
BRDA:15,8,0,5
BRDA:15,8,1,5
BRDA:15,8,2,5
BRDA:15,9,0,5
BRDA:15,9,1,5
BRDA:15,9,2,5
BRF:16
BRH:16
end_of_record
TN:
SF:src\app\components\common\atlas-nav-group\atlas-nav-group.component.html
FNF:0
FNH:0
DA:1,7
DA:3,8
DA:4,8
DA:6,8
DA:8,8
DA:9,1
DA:10,1
DA:11,1
DA:13,7
LF:9
LH:9
BRDA:3,0,0,8
BRDA:3,0,1,0
BRDA:8,1,0,1
BRDA:8,1,1,7
BRF:4
BRH:3
end_of_record
TN:
SF:src\app\components\common\atlas-nav-group\atlas-nav-group.component.ts
FN:4,constructor
FN:11,template
FNF:2
FNH:2
FNDA:7,constructor
FNDA:2,template
DA:1,2
DA:11,15
DA:12,7
DA:13,7
DA:14,7
LF:5
LH:5
BRDA:12,0,0,7
BRDA:13,1,0,7
BRDA:14,2,0,7
BRDA:11,3,0,7
BRDA:11,3,1,7
BRDA:11,4,0,7
BRDA:11,4,1,8
BRDA:11,5,0,2
BRDA:11,5,1,2
BRDA:11,5,2,2
BRDA:11,6,0,2
BRDA:11,6,1,2
BRDA:11,6,2,2
BRF:13
BRH:13
end_of_record
TN:
SF:src\app\components\common\atlas-panel\atlas-panel.component.html
FN:5,AtlasPanelComponent_Template_mat_expansion_panel_closed_0_listener
FN:12,AtlasPanelComponent_Template_span_click_5_listener
FNF:2
FNH:1
FNDA:1,AtlasPanelComponent_Template_mat_expansion_panel_closed_0_listener
FNDA:0,AtlasPanelComponent_Template_span_click_5_listener
DA:1,389
DA:2,391
DA:5,389
DA:7,389
DA:8,391
DA:9,389
DA:12,389
DA:14,389
DA:15,389
DA:19,389
DA:20,389
LF:11
LH:11
BRDA:3,0,0,391
BRDA:3,0,1,191
BRF:2
BRH:2
end_of_record
TN:
SF:src\app\components\common\atlas-panel\atlas-panel.component.ts
FN:4,constructor
FN:15,hostBindings
FNF:2
FNH:2
FNDA:389,constructor
FNDA:6,hostBindings
DA:1,6
DA:15,1334
DA:16,389
DA:21,389
DA:23,389
DA:25,389
DA:27,389
LF:7
LH:7
BRDA:16,0,0,389
BRDA:21,1,0,389
BRDA:23,2,0,389
BRDA:25,3,0,389
BRDA:15,4,0,389
BRDA:15,4,1,389
BRDA:15,5,0,945
BRDA:15,5,1,389
BRDA:15,6,0,6
BRDA:15,6,1,6
BRDA:15,6,2,6
BRDA:15,7,0,6
BRDA:15,7,1,6
BRDA:15,7,2,6
BRF:14
BRH:14
end_of_record
TN:
SF:src\app\components\common\image-measure-tool\image-measure-tool.component.html
FN:30,ImageMeasureToolComponent_Conditional_11_Template_button_click_0_listener
FN:33,ImageMeasureToolComponent_Conditional_11_Template_button_click_3_listener
FN:7,ImageMeasureToolComponent_Template_img_load_3_listener
FN:14,ImageMeasureToolComponent_Template_canvas_click_5_listener
FN:14,ImageMeasureToolComponent_Template_canvas_mousemove_5_listener
FN:15,ImageMeasureToolComponent_Template_canvas_mouseleave_5_listener
FN:24,ImageMeasureToolComponent_Template_button_click_8_listener
FNF:7
FNH:0
FNDA:0,ImageMeasureToolComponent_Conditional_11_Template_button_click_0_listener
FNDA:0,ImageMeasureToolComponent_Conditional_11_Template_button_click_3_listener
FNDA:0,ImageMeasureToolComponent_Template_img_load_3_listener
FNDA:0,ImageMeasureToolComponent_Template_canvas_click_5_listener
FNDA:0,ImageMeasureToolComponent_Template_canvas_mousemove_5_listener
FNDA:0,ImageMeasureToolComponent_Template_canvas_mouseleave_5_listener
FNDA:0,ImageMeasureToolComponent_Template_button_click_8_listener
DA:1,0
DA:3,0
DA:5,0
DA:7,0
DA:10,0
DA:13,0
DA:14,0
DA:15,0
DA:17,0
DA:20,0
DA:23,0
DA:24,0
DA:26,0
DA:29,0
DA:30,0
DA:31,0
DA:33,0
DA:34,0
DA:38,0
DA:39,0
DA:40,0
DA:41,0
DA:44,0
DA:45,0
DA:47,0
DA:48,0
DA:50,0
LF:27
LH:0
BRDA:40,0,0,0
BRDA:40,0,1,0
BRDA:23,1,0,0
BRDA:23,1,1,0
BRDA:23,2,0,0
BRDA:23,2,1,0
BRDA:26,3,0,0
BRDA:26,3,1,0
BRDA:29,4,0,0
BRDA:29,4,1,0
BRDA:38,5,0,0
BRDA:38,5,1,0
BRDA:44,6,0,0
BRDA:44,6,1,0
BRDA:47,7,0,0
BRDA:47,7,1,0
BRF:16
BRH:0
end_of_record
TN:
SF:src\app\components\common\image-measure-tool\image-measure-tool.component.ts
FN:27,constructor
FN:55,ngAfterViewInit
FN:56,(anonymous_2)
FN:60,ngOnChanges
FN:66,ngOnDestroy
FN:70,onImageLoad
FN:77,toggleMeasuring
FN:78,(anonymous_7)
FN:86,onCanvasClick
FN:111,(anonymous_9)
FN:120,onCanvasMouseMove
FN:129,onCanvasMouseLeave
FN:134,undoLast
FN:135,(anonymous_13)
FN:141,clearAll
FN:149,reset
FN:156,syncCanvasSize
FN:166,getScale
FN:175,getImageCoords
FN:186,toCanvas
FN:191,redraw
FN:222,syncCanvasDimensions
FN:232,drawPoint
FN:242,drawLine
FN:277,drawDashedLine
FN:34,viewQuery
FNF:26
FNH:23
FNDA:10,constructor
FNDA:0,ngAfterViewInit
FNDA:0,(anonymous_2)
FNDA:1,ngOnChanges
FNDA:1,ngOnDestroy
FNDA:2,onImageLoad
FNDA:4,toggleMeasuring
FNDA:4,(anonymous_7)
FNDA:2,onCanvasClick
FNDA:0,(anonymous_9)
FNDA:2,onCanvasMouseMove
FNDA:1,onCanvasMouseLeave
FNDA:2,undoLast
FNDA:2,(anonymous_13)
FNDA:3,clearAll
FNDA:2,reset
FNDA:2,syncCanvasSize
FNDA:8,getScale
FNDA:2,getImageCoords
FNDA:6,toCanvas
FNDA:11,redraw
FNDA:11,syncCanvasDimensions
FNDA:6,drawPoint
FNDA:1,drawLine
FNDA:1,drawDashedLine
FNDA:1,viewQuery
DA:1,1
DA:34,1
DA:36,10
DA:37,10
DA:39,10
DA:45,10
DA:46,10
DA:47,10
DA:48,10
DA:49,10
DA:51,10
DA:52,10
DA:56,0
DA:57,0
DA:61,1
DA:62,1
DA:67,1
DA:71,2
DA:72,2
DA:73,2
DA:74,2
DA:78,4
DA:79,4
DA:80,1
DA:81,1
DA:82,1
DA:87,2
DA:89,1
DA:90,1
DA:92,1
DA:93,1
DA:94,1
DA:95,1
DA:97,0
DA:98,0
DA:99,0
DA:102,0
DA:104,0
DA:111,0
DA:112,0
DA:113,0
DA:114,0
DA:115,0
DA:116,0
DA:121,2
DA:122,1
DA:123,1
DA:124,1
DA:125,1
DA:130,1
DA:131,1
DA:135,2
DA:136,2
DA:137,2
DA:138,2
DA:142,3
DA:143,3
DA:144,3
DA:145,3
DA:146,3
DA:150,2
DA:151,2
DA:157,2
DA:158,2
DA:159,2
DA:161,2
DA:162,2
DA:163,2
DA:167,8
DA:168,8
DA:169,6
DA:176,2
DA:177,2
DA:178,2
DA:179,2
DA:180,2
DA:187,6
DA:188,6
DA:192,11
DA:193,11
DA:194,11
DA:195,11
DA:196,11
DA:198,11
DA:201,11
DA:202,1
DA:206,11
DA:207,11
DA:208,3
DA:209,3
DA:211,3
DA:212,3
DA:213,1
DA:214,1
DA:215,1
DA:216,1
DA:217,1
DA:223,11
DA:224,11
DA:225,11
DA:226,11
DA:227,0
DA:228,0
DA:233,6
DA:234,6
DA:235,6
DA:236,6
DA:237,6
DA:238,6
DA:239,6
DA:248,1
DA:249,1
DA:251,1
DA:252,1
DA:253,1
DA:254,1
DA:255,1
DA:256,1
DA:258,1
DA:259,1
DA:262,1
DA:263,1
DA:264,1
DA:265,1
DA:266,1
DA:267,1
DA:268,1
DA:269,1
DA:270,1
DA:271,1
DA:272,1
DA:273,1
DA:283,1
DA:284,1
DA:285,1
DA:286,1
DA:287,1
DA:288,1
DA:289,1
DA:290,1
DA:292,1
DA:294,1
DA:295,1
DA:296,1
DA:297,1
DA:298,1
DA:299,1
DA:300,1
DA:301,1
DA:302,1
DA:303,1
DA:304,1
LF:152
LH:137
BRDA:45,0,0,10
BRDA:46,1,0,10
BRDA:47,2,0,10
BRDA:48,3,0,10
BRDA:49,4,0,10
BRDA:61,5,0,1
BRDA:61,5,1,0
BRDA:79,6,0,1
BRDA:79,6,1,3
BRDA:87,7,0,1
BRDA:87,7,1,1
BRDA:90,8,0,0
BRDA:90,8,1,1
BRDA:93,9,0,1
BRDA:93,9,1,0
BRDA:121,10,0,1
BRDA:121,10,1,1
BRDA:121,11,0,2
BRDA:121,11,1,2
BRDA:123,12,0,1
BRDA:123,12,1,0
BRDA:131,13,0,1
BRDA:131,13,1,0
BRDA:137,14,0,1
BRDA:137,14,1,1
BRDA:159,15,0,0
BRDA:159,15,1,2
BRDA:159,16,0,2
BRDA:159,16,1,2
BRDA:168,17,0,2
BRDA:168,17,1,6
BRDA:168,18,0,8
BRDA:168,18,1,8
BRDA:177,19,0,0
BRDA:177,19,1,2
BRDA:193,20,0,0
BRDA:193,20,1,11
BRDA:196,21,0,0
BRDA:196,21,1,11
BRDA:207,22,0,3
BRDA:207,22,1,8
BRDA:212,23,0,1
BRDA:212,23,1,2
BRDA:225,24,0,0
BRDA:225,24,1,11
BRDA:225,25,0,11
BRDA:225,25,1,11
BRDA:226,26,0,0
BRDA:226,26,1,11
BRDA:226,27,0,11
BRDA:226,27,1,11
BRDA:262,28,0,1
BRDA:262,28,1,0
BRDA:34,29,0,0
BRDA:34,29,1,0
BRDA:34,30,0,0
BRDA:34,30,1,0
BRDA:34,31,0,1
BRDA:34,31,1,1
BRDA:34,31,2,1
BRDA:34,32,0,1
BRDA:34,32,1,1
BRDA:34,32,2,1
BRF:63
BRH:47
end_of_record
TN:
SF:src\app\components\common\image-selection-preview\image-selection-preview.component.html
FN:39,ImageSelectionPreviewComponent_Conditional_2_Conditional_4_Template_button_click_1_listener
FN:47,ImageSelectionPreviewComponent_Conditional_2_Conditional_4_Template_button_click_4_listener
FN:58,ImageSelectionPreviewComponent_Conditional_2_Template_button_click_6_listener
FN:74,ImageSelectionPreviewComponent_Conditional_3_Template_div_click_0_listener
FN:74,ImageSelectionPreviewComponent_Conditional_3_Template_div_dragover_0_listener
FN:75,ImageSelectionPreviewComponent_Conditional_3_Template_div_dragleave_0_listener
FN:76,ImageSelectionPreviewComponent_Conditional_3_Template_div_drop_0_listener
FN:77,ImageSelectionPreviewComponent_Conditional_3_Template_div_keydown_enter_0_listener
FN:80,ImageSelectionPreviewComponent_Conditional_3_Template_div_keydown_space_0_listener
FN:113,ImageSelectionPreviewComponent_Conditional_3_Template_button_click_5_listener
FN:7,ImageSelectionPreviewComponent_Template_input_change_0_listener
FNF:11
FNH:1
FNDA:1,ImageSelectionPreviewComponent_Conditional_2_Conditional_4_Template_button_click_1_listener
FNDA:0,ImageSelectionPreviewComponent_Conditional_2_Conditional_4_Template_button_click_4_listener
FNDA:0,ImageSelectionPreviewComponent_Conditional_2_Template_button_click_6_listener
FNDA:0,ImageSelectionPreviewComponent_Conditional_3_Template_div_click_0_listener
FNDA:0,ImageSelectionPreviewComponent_Conditional_3_Template_div_dragover_0_listener
FNDA:0,ImageSelectionPreviewComponent_Conditional_3_Template_div_dragleave_0_listener
FNDA:0,ImageSelectionPreviewComponent_Conditional_3_Template_div_drop_0_listener
FNDA:0,ImageSelectionPreviewComponent_Conditional_3_Template_div_keydown_enter_0_listener
FNDA:0,ImageSelectionPreviewComponent_Conditional_3_Template_div_keydown_space_0_listener
FNDA:0,ImageSelectionPreviewComponent_Conditional_3_Template_button_click_5_listener
FNDA:0,ImageSelectionPreviewComponent_Template_input_change_0_listener
DA:1,169
DA:7,169
DA:12,176
DA:13,4
DA:15,4
DA:16,3
DA:18,3
DA:20,3
DA:23,1
DA:25,1
DA:30,1
DA:33,4
DA:34,3
DA:39,1
DA:41,3
DA:43,3
DA:47,0
DA:49,3
DA:53,4
DA:58,0
DA:60,4
DA:64,4
DA:65,2
DA:66,2
DA:67,2
DA:69,4
DA:71,169
DA:73,172
DA:74,169
DA:75,0
DA:76,0
DA:77,0
DA:80,0
DA:81,0
DA:92,169
DA:93,172
DA:94,162
DA:95,162
DA:96,161
DA:98,1
DA:100,162
DA:102,9
DA:103,10
DA:104,0
DA:106,9
DA:108,9
DA:110,169
DA:113,169
DA:115,172
DA:116,162
DA:118,9
DA:120,169
LF:52
LH:44
BRDA:15,0,0,3
BRDA:15,0,1,1
BRDA:33,1,0,7
BRDA:33,1,1,5
BRDA:64,2,0,2
BRDA:64,2,1,2
BRDA:95,3,0,161
BRDA:95,3,1,1
BRDA:103,4,0,0
BRDA:103,4,1,10
BRDA:93,5,0,162
BRDA:93,5,1,10
BRDA:115,6,0,162
BRDA:115,6,1,10
BRDA:12,7,0,4
BRDA:12,7,1,172
BRF:16
BRH:15
end_of_record
TN:
SF:src\app\components\common\image-selection-preview\image-selection-preview.component.ts
FN:19,constructor
FN:61,previewTransform
FN:65,openFilePicker
FN:69,onFileInputChange
FN:93,onPlaceholderClick
FN:100,onDragOver
FN:106,onDragLeave
FN:111,onDrop
FN:136,onRotateLeft
FN:141,onRotateRight
FN:146,onDelete
FN:152,isImagePreview
FN:166,fileIconName
FN:189,acceptsAnyFileType
FN:194,collectImageFiles
FN:204,collectFilesForCurrentAccept
FN:211,shouldFilterToImages
FN:215,isImageFile
FN:27,viewQuery
FNF:19
FNH:12
FNDA:169,constructor
FNDA:3,previewTransform
FNDA:0,openFilePicker
FNDA:3,onFileInputChange
FNDA:0,onPlaceholderClick
FNDA:0,onDragOver
FNDA:0,onDragLeave
FNDA:0,onDrop
FNDA:1,onRotateLeft
FNDA:0,onRotateRight
FNDA:0,onDelete
FNDA:8,isImagePreview
FNDA:1,fileIconName
FNDA:347,acceptsAnyFileType
FNDA:1,collectImageFiles
FNDA:2,collectFilesForCurrentAccept
FNDA:3,shouldFilterToImages
FNDA:3,isImageFile
FNDA:6,viewQuery
DA:2,6
DA:13,6
DA:27,345
DA:29,169
DA:32,169
DA:35,169
DA:38,169
DA:41,169
DA:44,169
DA:47,169
DA:49,169
DA:51,169
DA:52,169
DA:53,169
DA:55,169
DA:57,169
DA:59,169
DA:62,3
DA:66,0
DA:70,3
DA:71,3
DA:72,3
DA:73,3
DA:74,0
DA:76,3
DA:77,2
DA:78,2
DA:79,2
DA:81,2
DA:83,1
DA:84,1
DA:85,0
DA:87,1
DA:88,0
DA:90,1
DA:94,0
DA:95,0
DA:97,0
DA:101,0
DA:102,0
DA:103,0
DA:107,0
DA:108,0
DA:112,0
DA:113,0
DA:114,0
DA:115,0
DA:116,0
DA:117,0
DA:119,0
DA:120,0
DA:121,0
DA:122,0
DA:124,0
DA:126,0
DA:127,0
DA:128,0
DA:130,0
DA:131,0
DA:133,0
DA:137,1
DA:138,1
DA:142,0
DA:143,0
DA:147,0
DA:148,0
DA:153,8
DA:154,8
DA:155,2
DA:157,6
DA:158,8
DA:159,6
DA:161,0
DA:162,8
DA:167,1
DA:168,1
DA:169,1
DA:170,1
DA:172,0
DA:177,0
DA:179,0
DA:184,0
DA:186,0
DA:190,347
DA:195,1
DA:196,1
DA:197,2
DA:198,2
DA:201,1
DA:205,2
DA:206,1
DA:208,1
DA:212,3
DA:216,3
LF:94
LH:55
BRDA:29,0,0,169
BRDA:32,1,0,169
BRDA:35,2,0,169
BRDA:38,3,0,169
BRDA:41,4,0,169
BRDA:44,5,0,169
BRDA:47,6,0,169
BRDA:59,7,0,169
BRDA:71,8,0,3
BRDA:71,8,1,0
BRDA:73,9,0,0
BRDA:73,9,1,3
BRDA:76,10,0,2
BRDA:76,10,1,1
BRDA:78,11,0,2
BRDA:78,11,1,0
BRDA:84,12,0,0
BRDA:84,12,1,1
BRDA:87,13,0,0
BRDA:87,13,1,1
BRDA:87,14,0,1
BRDA:87,14,1,1
BRDA:94,15,0,0
BRDA:94,15,1,0
BRDA:116,16,0,0
BRDA:116,16,1,0
BRDA:119,17,0,0
BRDA:119,17,1,0
BRDA:121,18,0,0
BRDA:121,18,1,0
BRDA:127,19,0,0
BRDA:127,19,1,0
BRDA:130,20,0,0
BRDA:130,20,1,0
BRDA:130,21,0,0
BRDA:130,21,1,0
BRDA:154,22,0,2
BRDA:154,22,1,6
BRDA:157,23,0,6
BRDA:157,23,1,0
BRDA:158,24,0,6
BRDA:158,24,1,2
BRDA:161,25,0,0
BRDA:161,25,1,0
BRDA:167,26,0,1
BRDA:167,26,1,0
BRDA:168,27,0,1
BRDA:168,27,1,0
BRDA:169,28,0,1
BRDA:169,28,1,0
BRDA:169,29,0,1
BRDA:169,29,1,0
BRDA:172,30,0,0
BRDA:172,30,1,0
BRDA:173,31,0,0
BRDA:173,31,1,0
BRDA:173,31,2,0
BRDA:179,32,0,0
BRDA:179,32,1,0
BRDA:180,33,0,0
BRDA:180,33,1,0
BRDA:180,33,2,0
BRDA:197,34,0,2
BRDA:197,34,1,0
BRDA:205,35,0,1
BRDA:205,35,1,1
BRDA:27,36,0,169
BRDA:27,36,1,169
BRDA:27,37,0,169
BRDA:27,37,1,176
BRDA:27,38,0,6
BRDA:27,38,1,6
BRDA:27,38,2,6
BRDA:27,39,0,6
BRDA:27,39,1,6
BRDA:27,39,2,6
BRF:76
BRH:39
end_of_record
TN:
SF:src\app\components\common\instructions-for-use\instructions-for-use.component.html
FN:17,InstructionsForUseComponent_Template_mat_checkbox_change_22_listener
FN:26,InstructionsForUseComponent_Template_button_click_25_listener
FNF:2
FNH:0
FNDA:0,InstructionsForUseComponent_Template_mat_checkbox_change_22_listener
FNDA:0,InstructionsForUseComponent_Template_button_click_25_listener
DA:1,1
DA:3,1
DA:4,1
DA:5,1
DA:6,1
DA:7,1
DA:8,1
DA:9,1
DA:10,1
DA:11,1
DA:13,1
DA:15,1
DA:17,2
DA:18,1
DA:19,1
DA:21,1
DA:25,2
DA:26,1
LF:18
LH:18
BRF:0
BRH:0
end_of_record
TN:
SF:src\app\components\common\instructions-for-use\instructions-for-use.component.ts
FN:6,constructor
FN:18,ConfirmInstructionsForUse
FN:20,(anonymous_2)
FN:23,(anonymous_3)
FN:13,template
FNF:5
FNH:2
FNDA:1,constructor
FNDA:0,ConfirmInstructionsForUse
FNDA:0,(anonymous_2)
FNDA:0,(anonymous_3)
FNDA:2,template
DA:1,2
DA:4,2
DA:13,3
DA:14,1
DA:19,0
DA:21,0
DA:23,0
LF:7
LH:4
BRDA:13,0,0,1
BRDA:13,0,1,1
BRDA:13,1,0,1
BRDA:13,1,1,2
BRDA:13,2,0,2
BRDA:13,2,1,2
BRDA:13,2,2,2
BRDA:13,3,0,2
BRDA:13,3,1,2
BRDA:13,3,2,2
BRF:10
BRH:10
end_of_record
TN:
SF:src\app\components\header\header.component.html
FN:27,HeaderComponent_Conditional_9_Template_button_click_0_listener
FNF:1
FNH:0
FNDA:0,HeaderComponent_Conditional_9_Template_button_click_0_listener
DA:1,2
DA:2,4
DA:3,0
DA:4,0
DA:5,0
DA:6,0
DA:7,0
DA:8,0
DA:12,0
DA:15,2
DA:16,4
DA:17,2
DA:20,2
DA:21,4
DA:22,0
DA:23,0
DA:24,0
DA:26,4
DA:27,0
DA:28,0
DA:29,0
DA:31,2
LF:22
LH:9
BRDA:6,0,0,0
BRDA:6,0,1,0
BRDA:2,1,0,0
BRDA:2,1,1,4
BRDA:21,2,0,0
BRDA:21,2,1,4
BRDA:26,3,0,0
BRDA:26,3,1,4
BRF:8
BRH:3
end_of_record
TN:
SF:src\app\components\header\header.component.ts
FN:23,constructor
FN:26,navigateHome
FN:30,onLogout
FN:18,template
FNF:4
FNH:2
FNDA:2,constructor
FNDA:0,navigateHome
FNDA:0,onLogout
FNDA:2,template
DA:1,2
DA:18,6
DA:19,2
DA:20,2
DA:21,2
DA:23,2
DA:27,0
DA:31,0
LF:8
LH:6
BRDA:18,0,0,2
BRDA:18,0,1,2
BRDA:18,1,0,2
BRDA:18,1,1,4
BRDA:18,2,0,2
BRDA:18,2,1,2
BRDA:18,2,2,2
BRDA:18,3,0,2
BRDA:18,3,1,2
BRDA:18,3,2,2
BRF:10
BRH:10
end_of_record
TN:
SF:src\app\components\login-failed\login-failed.component.html
FNF:0
FNH:0
DA:1,1
DA:2,1
DA:3,1
DA:4,1
DA:5,1
DA:8,1
LF:6
LH:6
BRF:0
BRH:0
end_of_record
TN:
SF:src\app\components\login-failed\login-failed.component.ts
FN:11,template
FNF:1
FNH:1
FNDA:1,template
DA:2,1
DA:11,3
LF:2
LH:2
BRDA:11,0,0,1
BRDA:11,0,1,1
BRDA:11,1,0,1
BRDA:11,1,1,2
BRDA:11,2,0,1
BRDA:11,2,1,1
BRDA:11,2,2,1
BRDA:11,3,0,1
BRDA:11,3,1,1
BRDA:11,3,2,1
BRF:10
BRH:10
end_of_record
TN:
SF:src\app\components\request-access\request-access.component.html
FNF:0
FNH:0
DA:1,1
DA:2,1
DA:3,1
DA:4,1
DA:6,1
LF:5
LH:5
BRF:0
BRH:0
end_of_record
TN:
SF:src\app\components\request-access\request-access.component.ts
FN:11,template
FNF:1
FNH:1
FNDA:1,template
DA:2,1
DA:11,3
LF:2
LH:2
BRDA:11,0,0,1
BRDA:11,0,1,1
BRDA:11,1,0,1
BRDA:11,1,1,2
BRDA:11,2,0,1
BRDA:11,2,1,1
BRDA:11,2,2,1
BRDA:11,3,0,1
BRDA:11,3,1,1
BRDA:11,3,2,1
BRF:10
BRH:10
end_of_record
TN:
SF:src\app\components\sidebar\sidebar.component.html
FN:73,SidebarComponent_Conditional_16_Conditional_0_Template_a_click_0_listener
FN:31,SidebarComponent_Template_button_click_5_listener
FN:57,SidebarComponent_Template_a_click_12_listener
FN:100,SidebarComponent_Template_a_click_19_listener
FN:116,SidebarComponent_Template_a_click_22_listener
FNF:5
FNH:0
FNDA:0,SidebarComponent_Conditional_16_Conditional_0_Template_a_click_0_listener
FNDA:0,SidebarComponent_Template_button_click_5_listener
FNDA:0,SidebarComponent_Template_a_click_12_listener
FNDA:0,SidebarComponent_Template_a_click_19_listener
FNDA:0,SidebarComponent_Template_a_click_22_listener
DA:1,1
DA:8,1
DA:12,3
DA:13,3
DA:22,3
DA:23,3
DA:28,1
DA:31,1
DA:34,1
DA:39,1
DA:52,3
DA:55,3
DA:57,1
DA:60,1
DA:61,1
DA:64,3
DA:65,3
DA:66,1
DA:69,3
DA:71,3
DA:73,0
DA:76,1
DA:77,1
DA:79,0
DA:82,0
DA:83,0
DA:84,0
DA:88,1
DA:92,1
DA:93,1
DA:95,1
DA:98,3
DA:100,1
DA:102,3
DA:103,1
DA:104,1
DA:108,1
DA:114,3
DA:116,1
DA:118,3
DA:119,1
DA:120,1
DA:125,3
LF:43
LH:38
BRDA:73,0,0,0
BRDA:73,0,1,0
BRDA:71,1,0,3
BRDA:71,1,1,3
BRDA:82,2,0,0
BRDA:82,2,1,0
BRDA:65,3,0,3
BRDA:65,3,1,0
BRDA:57,4,0,0
BRDA:57,4,1,0
BRDA:116,5,0,0
BRDA:116,5,1,0
BRDA:116,5,2,0
BRDA:55,6,0,3
BRDA:55,6,1,3
BRDA:64,7,0,3
BRDA:64,7,1,0
BRDA:114,8,0,3
BRDA:114,8,1,3
BRF:19
BRH:8
end_of_record
TN:
SF:src\app\components\sidebar\sidebar.component.ts
FN:40,constructor
FN:35,(anonymous_1)
FN:36,(anonymous_2)
FN:37,(anonymous_3)
FN:38,(anonymous_4)
FN:41,(anonymous_5)
FN:48,ngAfterViewInit
FN:52,updateAccordionState
FN:58,handleExternalLink
FN:23,template
FNF:10
FNH:7
FNDA:9,constructor
FNDA:0,(anonymous_1)
FNDA:9,(anonymous_2)
FNDA:9,(anonymous_3)
FNDA:9,(anonymous_4)
FNDA:0,(anonymous_5)
FNDA:9,ngAfterViewInit
FNDA:9,updateAccordionState
FNDA:0,handleExternalLink
FNDA:2,template
DA:1,2
DA:10,2
DA:11,2
DA:12,2
DA:13,2
DA:14,2
DA:23,4
DA:24,9
DA:26,9
DA:28,9
DA:29,9
DA:31,9
DA:33,9
DA:35,9
DA:36,9
DA:37,9
DA:38,9
DA:40,9
DA:41,9
DA:42,0
DA:43,0
DA:49,9
DA:50,9
DA:53,9
DA:55,9
DA:59,0
DA:60,0
DA:61,0
DA:63,0
DA:64,0
LF:30
LH:23
BRDA:35,0,0,9
BRDA:36,1,0,9
BRDA:37,2,0,9
BRDA:38,3,0,9
BRDA:42,4,0,0
BRDA:42,4,1,0
BRDA:54,5,0,9
BRDA:54,5,1,9
BRDA:59,6,0,0
BRDA:59,6,1,0
BRDA:23,7,0,1
BRDA:23,7,1,1
BRDA:23,8,0,1
BRDA:23,8,1,3
BRDA:23,9,0,2
BRDA:23,9,1,2
BRDA:23,9,2,2
BRDA:23,10,0,2
BRDA:23,10,1,2
BRDA:23,10,2,2
BRF:20
BRH:16
end_of_record
TN:
SF:src\app\features\experiment-dashboard\experiment-dashboard-view-state.service.ts
FN:24,save
FN:33,restoreSearch
FN:37,restorePageNumber
FN:41,restoreGrid
FN:53,clear
FN:61,load
FNF:6
FNH:6
FNDA:9,save
FNDA:5,restoreSearch
FNDA:2,restorePageNumber
FNDA:3,restoreGrid
FNDA:1,clear
FNDA:19,load
DA:1,4
DA:4,4
DA:14,4
DA:23,11
DA:25,9
DA:26,9
DA:27,9
DA:34,5
DA:38,2
DA:42,3
DA:43,3
DA:44,3
DA:45,3
DA:46,3
DA:47,3
DA:54,1
DA:55,1
DA:62,19
DA:63,19
DA:64,19
DA:65,7
DA:67,1
LF:22
LH:22
BRDA:64,0,0,12
BRDA:64,0,1,7
BRDA:23,1,0,11
BRDA:23,1,1,11
BRDA:23,2,0,4
BRDA:23,2,1,4
BRDA:23,2,2,4
BRF:7
BRH:7
end_of_record
TN:
SF:src\app\features\experiment-dashboard\experiment-dashboard.service.ts
FN:70,constructor
FN:45,(anonymous_1)
FN:46,(anonymous_2)
FN:47,(anonymous_3)
FN:61,(anonymous_4)
FN:64,(anonymous_5)
FN:75,(anonymous_6)
FN:81,(anonymous_7)
FN:82,(anonymous_8)
FN:87,(anonymous_9)
FN:93,(anonymous_10)
FN:97,bootstrap
FN:103,onSearchChange
FN:109,onSearchClear
FN:115,navigateToCreate
FN:122,toggleExpand
FN:130,(anonymous_16)
FN:138,(anonymous_17)
FN:160,onDownloadClick
FN:168,(anonymous_19)
FN:170,(anonymous_20)
FN:181,onUploadClick
FN:184,(anonymous_22)
FN:194,uploadReport
FN:209,(anonymous_24)
FN:211,(anonymous_25)
FN:211,(anonymous_26)
FN:213,(anonymous_27)
FN:217,(anonymous_28)
FN:223,onRowClicked
FN:242,showMessagePopUp
FN:247,loadTasksForExperiment
FN:252,(anonymous_32)
FN:256,(anonymous_33)
FN:257,(anonymous_34)
FN:275,(anonymous_35)
FN:279,(anonymous_36)
FN:280,(anonymous_37)
FN:293,loadSetupsForTask
FN:302,(anonymous_39)
FN:307,(anonymous_40)
FN:308,(anonymous_41)
FN:329,(anonymous_42)
FN:333,(anonymous_43)
FN:334,(anonymous_44)
FN:350,loadParametersForSetup
FN:359,(anonymous_46)
FN:364,(anonymous_47)
FN:365,(anonymous_48)
FN:392,(anonymous_49)
FN:396,(anonymous_50)
FN:397,(anonymous_51)
FN:419,loadResultForParameter
FN:424,(anonymous_53)
FN:430,(anonymous_54)
FN:439,applyResultRows
FN:443,(anonymous_56)
FN:444,(anonymous_57)
FN:453,(anonymous_58)
FN:463,(anonymous_59)
FNF:60
FNH:16
FNDA:14,constructor
FNDA:0,(anonymous_1)
FNDA:0,(anonymous_2)
FNDA:3,(anonymous_3)
FNDA:0,(anonymous_4)
FNDA:3,(anonymous_5)
FNDA:4,(anonymous_6)
FNDA:2,(anonymous_7)
FNDA:0,(anonymous_8)
FNDA:3,(anonymous_9)
FNDA:2,(anonymous_10)
FNDA:5,bootstrap
FNDA:1,onSearchChange
FNDA:1,onSearchClear
FNDA:0,navigateToCreate
FNDA:0,toggleExpand
FNDA:0,(anonymous_16)
FNDA:0,(anonymous_17)
FNDA:3,onDownloadClick
FNDA:1,(anonymous_19)
FNDA:3,(anonymous_20)
FNDA:0,onUploadClick
FNDA:0,(anonymous_22)
FNDA:1,uploadReport
FNDA:0,(anonymous_24)
FNDA:0,(anonymous_25)
FNDA:0,(anonymous_26)
FNDA:0,(anonymous_27)
FNDA:0,(anonymous_28)
FNDA:2,onRowClicked
FNDA:4,showMessagePopUp
FNDA:0,loadTasksForExperiment
FNDA:0,(anonymous_32)
FNDA:0,(anonymous_33)
FNDA:0,(anonymous_34)
FNDA:0,(anonymous_35)
FNDA:0,(anonymous_36)
FNDA:0,(anonymous_37)
FNDA:0,loadSetupsForTask
FNDA:0,(anonymous_39)
FNDA:0,(anonymous_40)
FNDA:0,(anonymous_41)
FNDA:0,(anonymous_42)
FNDA:0,(anonymous_43)
FNDA:0,(anonymous_44)
FNDA:0,loadParametersForSetup
FNDA:0,(anonymous_46)
FNDA:0,(anonymous_47)
FNDA:0,(anonymous_48)
FNDA:0,(anonymous_49)
FNDA:0,(anonymous_50)
FNDA:0,(anonymous_51)
FNDA:0,loadResultForParameter
FNDA:0,(anonymous_53)
FNDA:0,(anonymous_54)
FNDA:0,applyResultRows
FNDA:0,(anonymous_56)
FNDA:0,(anonymous_57)
FNDA:0,(anonymous_58)
FNDA:0,(anonymous_59)
DA:1,4
DA:5,4
DA:8,4
DA:9,4
DA:10,4
DA:11,4
DA:12,4
DA:14,4
DA:28,4
DA:29,4
DA:32,4
DA:33,14
DA:34,14
DA:35,14
DA:36,14
DA:37,14
DA:38,14
DA:39,14
DA:40,14
DA:41,14
DA:44,14
DA:45,0
DA:46,0
DA:47,3
DA:50,14
DA:51,14
DA:53,14
DA:54,14
DA:56,14
DA:57,14
DA:59,14
DA:61,14
DA:63,14
DA:64,3
DA:68,14
DA:71,14
DA:76,4
DA:77,1
DA:79,3
DA:80,3
DA:81,2
DA:82,0
DA:88,3
DA:89,0
DA:91,3
DA:92,3
DA:93,3
DA:98,5
DA:99,5
DA:100,5
DA:104,1
DA:105,1
DA:106,1
DA:110,1
DA:111,1
DA:112,1
DA:116,0
DA:117,0
DA:119,0
DA:123,0
DA:124,0
DA:126,0
DA:127,0
DA:129,0
DA:130,0
DA:131,0
DA:133,0
DA:134,0
DA:137,0
DA:138,0
DA:140,0
DA:142,0
DA:144,0
DA:145,0
DA:147,0
DA:148,0
DA:150,0
DA:151,0
DA:153,0
DA:154,0
DA:156,0
DA:161,3
DA:162,0
DA:164,3
DA:168,1
DA:171,3
DA:172,3
DA:173,1
DA:174,1
DA:176,2
DA:182,0
DA:183,0
DA:184,0
DA:185,0
DA:186,0
DA:187,0
DA:189,0
DA:191,0
DA:195,1
DA:196,1
DA:197,1
DA:198,1
DA:201,0
DA:202,0
DA:203,0
DA:205,0
DA:210,0
DA:211,0
DA:214,0
DA:215,0
DA:218,0
DA:224,2
DA:225,2
DA:226,0
DA:228,2
DA:229,0
DA:231,2
DA:232,1
DA:234,1
DA:235,1
DA:236,0
DA:238,1
DA:239,1
DA:243,4
DA:244,4
DA:248,0
DA:253,0
DA:254,0
DA:256,0
DA:257,0
DA:258,0
DA:259,0
DA:261,0
DA:262,0
DA:263,0
DA:267,0
DA:276,0
DA:277,0
DA:279,0
DA:280,0
DA:281,0
DA:282,0
DA:284,0
DA:285,0
DA:294,0
DA:295,0
DA:296,0
DA:298,0
DA:303,0
DA:304,0
DA:306,0
DA:307,0
DA:308,0
DA:309,0
DA:310,0
DA:312,0
DA:313,0
DA:314,0
DA:321,0
DA:330,0
DA:331,0
DA:333,0
DA:334,0
DA:335,0
DA:336,0
DA:338,0
DA:339,0
DA:351,0
DA:352,0
DA:353,0
DA:355,0
DA:360,0
DA:361,0
DA:363,0
DA:364,0
DA:365,0
DA:366,0
DA:367,0
DA:369,0
DA:370,0
DA:371,0
DA:372,0
DA:374,0
DA:375,0
DA:376,0
DA:384,0
DA:393,0
DA:394,0
DA:396,0
DA:397,0
DA:398,0
DA:399,0
DA:401,0
DA:402,0
DA:403,0
DA:404,0
DA:406,0
DA:407,0
DA:420,0
DA:425,0
DA:426,0
DA:428,0
DA:431,0
DA:432,0
DA:434,0
DA:440,0
DA:441,0
DA:443,0
DA:444,0
DA:445,0
DA:446,0
DA:449,0
DA:450,0
DA:451,0
DA:452,0
DA:453,0
DA:456,0
DA:462,0
DA:463,0
LF:219
LH:75
BRDA:50,0,0,14
BRDA:53,1,0,14
BRDA:56,2,0,14
BRDA:61,3,0,14
BRDA:64,4,0,3
BRDA:64,4,1,2
BRDA:65,5,0,14
BRDA:76,6,0,1
BRDA:76,6,1,3
BRDA:80,7,0,3
BRDA:80,7,1,2
BRDA:88,8,0,0
BRDA:88,8,1,3
BRDA:116,9,0,0
BRDA:116,9,1,0
BRDA:123,10,0,0
BRDA:123,10,1,0
BRDA:126,11,0,0
BRDA:126,11,1,0
BRDA:129,12,0,0
BRDA:129,12,1,0
BRDA:133,13,0,0
BRDA:133,13,1,0
BRDA:142,14,0,0
BRDA:142,14,1,0
BRDA:142,14,2,0
BRDA:142,14,3,0
BRDA:142,14,4,0
BRDA:161,15,0,0
BRDA:161,15,1,3
BRDA:172,16,0,1
BRDA:172,16,1,2
BRDA:186,17,0,0
BRDA:186,17,1,0
BRDA:196,18,0,1
BRDA:196,18,1,0
BRDA:211,19,0,0
BRDA:211,19,1,0
BRDA:225,20,0,0
BRDA:225,20,1,2
BRDA:225,21,0,2
BRDA:225,21,1,2
BRDA:228,22,0,0
BRDA:228,22,1,2
BRDA:228,23,0,2
BRDA:228,23,1,2
BRDA:231,24,0,1
BRDA:231,24,1,1
BRDA:231,25,0,2
BRDA:231,25,1,1
BRDA:235,26,0,0
BRDA:235,26,1,1
BRDA:235,27,0,1
BRDA:235,27,1,1
BRDA:235,27,2,1
BRDA:242,28,0,4
BRDA:243,29,0,1
BRDA:243,29,1,3
BRDA:253,30,0,0
BRDA:253,30,1,0
BRDA:258,31,0,0
BRDA:258,31,1,0
BRDA:262,32,0,0
BRDA:262,32,1,0
BRDA:276,33,0,0
BRDA:276,33,1,0
BRDA:281,34,0,0
BRDA:281,34,1,0
BRDA:295,35,0,0
BRDA:295,35,1,0
BRDA:303,36,0,0
BRDA:303,36,1,0
BRDA:309,37,0,0
BRDA:309,37,1,0
BRDA:313,38,0,0
BRDA:313,38,1,0
BRDA:330,39,0,0
BRDA:330,39,1,0
BRDA:335,40,0,0
BRDA:335,40,1,0
BRDA:352,41,0,0
BRDA:352,41,1,0
BRDA:360,42,0,0
BRDA:360,42,1,0
BRDA:366,43,0,0
BRDA:366,43,1,0
BRDA:371,44,0,0
BRDA:371,44,1,0
BRDA:371,45,0,0
BRDA:371,45,1,0
BRDA:375,46,0,0
BRDA:375,46,1,0
BRDA:393,47,0,0
BRDA:393,47,1,0
BRDA:398,48,0,0
BRDA:398,48,1,0
BRDA:403,49,0,0
BRDA:403,49,1,0
BRDA:403,50,0,0
BRDA:403,50,1,0
BRDA:425,51,0,0
BRDA:425,51,1,0
BRDA:431,52,0,0
BRDA:431,52,1,0
BRDA:445,53,0,0
BRDA:445,53,1,0
BRDA:449,54,0,0
BRDA:449,54,1,0
BRDA:450,55,0,0
BRDA:450,55,1,0
BRDA:450,56,0,0
BRDA:450,56,1,0
BRDA:453,57,0,0
BRDA:453,57,1,0
BRDA:463,58,0,0
BRDA:463,58,1,0
BRDA:32,59,0,14
BRDA:32,59,1,14
BRDA:32,60,0,4
BRDA:32,60,1,4
BRDA:32,60,2,4
BRF:121
BRH:38
end_of_record
TN:
SF:src\app\features\experiment-dashboard\components\experiment-dashboard-actions-cell\experiment-dashboard-actions-cell.component.html
FN:9,ExperimentDashboardActionsCellComponent_Conditional_1_Template_button_click_0_listener
FN:21,ExperimentDashboardActionsCellComponent_Conditional_2_Template_button_click_0_listener
FNF:2
FNH:0
FNDA:0,ExperimentDashboardActionsCellComponent_Conditional_1_Template_button_click_0_listener
FNDA:0,ExperimentDashboardActionsCellComponent_Conditional_2_Template_button_click_0_listener
DA:1,0
DA:2,0
DA:3,0
DA:9,0
DA:10,0
DA:14,0
DA:15,0
DA:21,0
DA:22,0
DA:25,0
LF:10
LH:0
BRDA:2,0,0,0
BRDA:2,0,1,0
BRDA:14,1,0,0
BRDA:14,1,1,0
BRF:4
BRH:0
end_of_record
TN:
SF:src\app\features\experiment-dashboard\components\experiment-dashboard-actions-cell\experiment-dashboard-actions-cell.component.ts
FN:8,constructor
FN:26,agInit
FN:33,refresh
FN:37,apply
FN:57,upload
FN:67,download
FN:16,template
FNF:7
FNH:1
FNDA:0,constructor
FNDA:0,agInit
FNDA:0,refresh
FNDA:0,apply
FNDA:0,upload
FNDA:0,download
FNDA:2,template
DA:1,2
DA:16,2
DA:17,0
DA:20,0
DA:21,0
DA:22,0
DA:23,0
DA:24,0
DA:27,0
DA:28,0
DA:29,0
DA:30,0
DA:34,0
DA:38,0
DA:39,0
DA:40,0
DA:41,0
DA:42,0
DA:43,0
DA:44,0
DA:46,0
DA:47,0
DA:48,0
DA:49,0
DA:50,0
DA:52,0
DA:53,0
DA:58,0
DA:59,0
DA:60,0
DA:61,0
DA:62,0
DA:64,0
DA:68,0
DA:69,0
DA:70,0
DA:71,0
DA:72,0
DA:74,0
LF:39
LH:2
BRDA:27,0,0,0
BRDA:27,0,1,0
BRDA:28,1,0,0
BRDA:28,1,1,0
BRDA:43,2,0,0
BRDA:43,2,1,0
BRDA:43,3,0,0
BRDA:43,3,1,0
BRDA:47,4,0,0
BRDA:47,4,1,0
BRDA:48,5,0,0
BRDA:48,5,1,0
BRDA:50,6,0,0
BRDA:50,6,1,0
BRDA:52,7,0,0
BRDA:52,7,1,0
BRDA:52,8,0,0
BRDA:52,8,1,0
BRDA:61,9,0,0
BRDA:61,9,1,0
BRDA:61,10,0,0
BRDA:61,10,1,0
BRDA:71,11,0,0
BRDA:71,11,1,0
BRDA:71,12,0,0
BRDA:71,12,1,0
BRDA:16,13,0,0
BRDA:16,13,1,0
BRDA:16,14,0,0
BRDA:16,14,1,0
BRDA:16,15,0,2
BRDA:16,15,1,2
BRDA:16,15,2,2
BRDA:16,16,0,2
BRDA:16,16,1,2
BRDA:16,16,2,2
BRF:36
BRH:6
end_of_record
TN:
SF:src\app\features\experiment-dashboard\components\experiment-dashboard-grid\experiment-dashboard-grid.component.html
FN:17,ExperimentDashboardGridComponent_Template_ag_grid_angular_gridReady_0_listener
FN:17,ExperimentDashboardGridComponent_Template_ag_grid_angular_rowClicked_0_listener
FN:18,ExperimentDashboardGridComponent_Template_ag_grid_angular_filterChanged_0_listener
FN:19,ExperimentDashboardGridComponent_Template_ag_grid_angular_sortChanged_0_listener
FN:20,ExperimentDashboardGridComponent_Template_ag_grid_angular_paginationChanged_0_listener
FNF:5
FNH:2
FNDA:1,ExperimentDashboardGridComponent_Template_ag_grid_angular_gridReady_0_listener
FNDA:0,ExperimentDashboardGridComponent_Template_ag_grid_angular_rowClicked_0_listener
FNDA:0,ExperimentDashboardGridComponent_Template_ag_grid_angular_filterChanged_0_listener
FNDA:0,ExperimentDashboardGridComponent_Template_ag_grid_angular_sortChanged_0_listener
FNDA:3,ExperimentDashboardGridComponent_Template_ag_grid_angular_paginationChanged_0_listener
DA:1,9
DA:3,2
DA:17,9
DA:18,0
DA:19,0
DA:20,3
DA:23,9
LF:7
LH:5
BRF:0
BRH:0
end_of_record
TN:
SF:src\app\features\experiment-dashboard\components\experiment-dashboard-grid\experiment-dashboard-grid.component.ts
FN:54,constructor
FN:125,(anonymous_1)
FN:151,(anonymous_2)
FN:159,(anonymous_3)
FN:174,(anonymous_4)
FN:207,(anonymous_5)
FN:224,(anonymous_6)
FN:242,onGridReady
FN:248,(anonymous_8)
[...]
FN:175,registerTaskValidator
FN:178,runTaskValidator
FN:181,registerTaskChangeChecker
FN:184,isTaskFormChanged
FN:190,setCustomers
FN:194,setUsers
FN:195,(anonymous_24)
FN:201,setMaterialGroups
FN:205,setExperiment
FN:209,setExperimentId
FN:213,setExperiments
FN:216,setExperimentTask
FN:220,setExperimentTaskId
FN:224,setExperimentTaskName
FN:229,setExperimentTasks
FN:233,updateExperimentData
FN:234,(anonymous_34)
FN:240,updateExperimentTaskData
FN:266,resetExperiment
FN:275,enterNewExperimentMode
FN:296,resetExperimentTask
FN:304,(anonymous_39)
FN:320,getInitialExperimentPermissions
FN:365,getInitialExperimentCustomer
FN:379,getInitialExperiment
FN:398,getInitialExperimentTask
FN:420,getInitialSetupCalculation
FN:448,fetchAndSetExperiment
FN:451,(anonymous_46)
FN:478,loadExperiment
FN:482,isExperimentValid
FN:487,createExperiment
FN:491,(anonymous_50)
FN:502,updateExperiment
FN:513,(anonymous_52)
FN:523,fetchAndSetTask
FN:525,(anonymous_54)
FN:534,loadTask
FN:538,loadTasksForExperiment
FN:540,(anonymous_57)
FN:541,(anonymous_58)
FN:545,buildExperimentTaskPayload
FN:553,isExperimentTaskValid
FN:560,(anonymous_61)
FN:575,createExperimentTask
FN:585,(anonymous_63)
FN:602,updateExperimentTask
FN:606,(anonymous_65)
FN:611,(anonymous_66)
FN:619,deleteExperimentTask
FN:621,(anonymous_68)
FN:622,(anonymous_69)
FN:622,(anonymous_70)
FNF:71
FNH:37
FNDA:132,constructor
FNDA:78,(anonymous_1)
FNDA:10,(anonymous_2)
FNDA:0,lacIdExists
FNDA:0,customers
FNDA:50,users
FNDA:30,materialGroups
FNDA:464,experiment
FNDA:259,experimentId
FNDA:0,experiments
FNDA:12,registerExperimentValidator
FNDA:2,runExperimentValidator
FNDA:12,registerExperimentChangeChecker
FNDA:2,isExperimentFormChanged
FNDA:212,experimentTask
FNDA:0,experimentTaskId
FNDA:52,experimentTaskName
FNDA:377,experimentTasks
FNDA:27,registerTaskValidator
FNDA:0,runTaskValidator
FNDA:27,registerTaskChangeChecker
FNDA:0,isTaskFormChanged
FNDA:0,setCustomers
FNDA:0,setUsers
FNDA:0,(anonymous_24)
FNDA:0,setMaterialGroups
FNDA:13,setExperiment
FNDA:24,setExperimentId
FNDA:0,setExperiments
FNDA:13,setExperimentTask
FNDA:45,setExperimentTaskId
FNDA:62,setExperimentTaskName
FNDA:31,setExperimentTasks
FNDA:0,updateExperimentData
FNDA:0,(anonymous_34)
FNDA:56,updateExperimentTaskData
FNDA:10,resetExperiment
FNDA:10,enterNewExperimentMode
FNDA:22,resetExperimentTask
FNDA:44,(anonymous_39)
FNDA:284,getInitialExperimentPermissions
FNDA:284,getInitialExperimentCustomer
FNDA:284,getInitialExperiment
FNDA:318,getInitialExperimentTask
FNDA:142,getInitialSetupCalculation
FNDA:0,fetchAndSetExperiment
FNDA:0,(anonymous_46)
FNDA:0,loadExperiment
FNDA:0,isExperimentValid
FNDA:0,createExperiment
FNDA:0,(anonymous_50)
FNDA:0,updateExperiment
FNDA:0,(anonymous_52)
FNDA:1,fetchAndSetTask
FNDA:1,(anonymous_54)
FNDA:1,loadTask
FNDA:26,loadTasksForExperiment
FNDA:26,(anonymous_57)
FNDA:0,(anonymous_58)
FNDA:0,buildExperimentTaskPayload
FNDA:0,isExperimentTaskValid
FNDA:0,(anonymous_61)
FNDA:0,createExperimentTask
FNDA:0,(anonymous_63)
FNDA:0,updateExperimentTask
FNDA:0,(anonymous_65)
FNDA:0,(anonymous_66)
FNDA:0,deleteExperimentTask
FNDA:0,(anonymous_68)
FNDA:0,(anonymous_69)
FNDA:0,(anonymous_70)
DA:1,6
DA:3,6
DA:12,6
DA:14,6
DA:15,6
DA:17,6
DA:20,6
DA:21,6
DA:26,132
DA:28,132
DA:29,132
DA:30,132
DA:31,132
DA:32,132
DA:34,132
DA:35,132
DA:36,132
DA:37,132
DA:38,132
DA:39,132
DA:41,132
DA:42,132
DA:44,132
DA:45,132
DA:48,0
DA:51,132
DA:53,78
DA:55,78
DA:99,132
DA:100,10
DA:105,132
DA:106,132
DA:107,132
DA:108,132
DA:109,132
DA:110,132
DA:111,132
DA:112,132
DA:115,132
DA:116,132
DA:117,132
DA:122,0
DA:126,50
DA:130,30
DA:134,464
DA:138,259
DA:141,0
DA:145,12
DA:149,2
DA:152,12
DA:156,2
DA:161,212
DA:165,0
DA:169,52
DA:173,377
DA:176,27
DA:179,0
DA:182,27
DA:185,0
DA:191,0
DA:195,0
DA:196,0
DA:198,0
DA:202,0
DA:206,13
DA:210,24
DA:213,0
DA:217,13
DA:221,45
DA:225,62
DA:230,31
DA:234,0
DA:235,0
DA:236,0
DA:241,56
DA:243,56
DA:246,56
DA:250,56
DA:251,0
DA:254,56
DA:260,56
DA:267,10
DA:268,10
DA:276,10
DA:277,10
DA:278,10
DA:279,10
DA:281,10
DA:282,10
DA:283,10
DA:284,10
DA:285,10
DA:286,10
DA:287,10
DA:288,10
DA:290,10
DA:292,10
DA:293,10
DA:297,22
DA:298,22
DA:300,22
DA:304,44
DA:313,22
DA:314,22
DA:315,22
DA:316,22
DA:321,284
DA:366,284
DA:380,284
DA:381,284
DA:399,318
DA:421,142
DA:449,0
DA:452,0
DA:467,0
DA:468,0
DA:469,0
DA:470,0
DA:471,0
DA:479,0
DA:483,0
DA:484,0
DA:488,0
DA:490,0
DA:492,0
DA:493,0
DA:495,0
DA:496,0
DA:497,0
DA:503,0
DA:504,0
DA:506,0
DA:507,0
DA:508,0
DA:512,0
DA:514,0
DA:515,0
DA:516,0
DA:524,1
DA:526,1
DA:527,1
DA:528,1
DA:535,1
DA:539,26
DA:540,26
DA:541,0
DA:546,0
DA:547,0
DA:554,0
DA:555,0
DA:556,0
DA:558,0
DA:561,0
DA:566,0
DA:576,0
DA:577,0
DA:578,0
DA:579,0
DA:582,0
DA:584,0
DA:586,0
DA:587,0
DA:593,0
DA:594,0
DA:595,0
DA:603,0
DA:605,0
DA:607,0
DA:608,0
DA:609,0
DA:611,0
DA:612,0
DA:614,0
DA:620,0
DA:622,0
DA:624,0
DA:625,0
DA:626,0
DA:627,0
DA:628,0
LF:180
LH:103
BRDA:34,0,0,132
BRDA:35,1,0,132
BRDA:36,2,0,132
BRDA:37,3,0,132
BRDA:38,4,0,132
BRDA:39,5,0,132
BRDA:44,6,0,132
BRDA:45,7,0,132
BRDA:57,8,0,78
BRDA:57,8,1,14
BRDA:57,8,2,1
BRDA:58,9,0,78
BRDA:58,9,1,14
BRDA:58,9,2,1
BRDA:59,10,0,78
BRDA:59,10,1,14
BRDA:59,10,2,1
BRDA:60,11,0,78
BRDA:60,11,1,14
BRDA:60,11,2,1
BRDA:61,12,0,78
BRDA:61,12,1,14
BRDA:61,12,2,1
BRDA:62,13,0,78
BRDA:62,13,1,14
BRDA:62,13,2,1
BRDA:63,14,0,78
BRDA:63,14,1,14
BRDA:63,14,2,1
BRDA:64,15,0,78
BRDA:64,15,1,14
BRDA:64,15,2,1
BRDA:65,16,0,78
BRDA:65,16,1,14
BRDA:65,16,2,1
BRDA:66,17,0,78
BRDA:66,17,1,14
BRDA:66,17,2,1
BRDA:67,18,0,78
BRDA:67,18,1,14
BRDA:67,18,2,1
BRDA:68,19,0,78
BRDA:68,19,1,14
BRDA:68,19,2,1
BRDA:69,20,0,78
BRDA:69,20,1,14
BRDA:69,20,2,1
BRDA:70,21,0,78
BRDA:70,21,1,14
BRDA:70,21,2,1
BRDA:71,22,0,78
BRDA:71,22,1,14
BRDA:71,22,2,1
BRDA:72,23,0,78
BRDA:72,23,1,14
BRDA:72,23,2,1
BRDA:75,24,0,78
BRDA:75,24,1,77
BRDA:77,25,0,78
BRDA:77,25,1,14
BRDA:77,25,2,1
BRDA:78,26,0,78
BRDA:78,26,1,14
BRDA:78,26,2,1
BRDA:81,27,0,78
BRDA:81,27,1,14
BRDA:81,27,2,1
BRDA:82,28,0,78
BRDA:82,28,1,14
BRDA:82,28,2,7
BRDA:85,29,0,78
BRDA:85,29,1,14
BRDA:85,29,2,1
BRDA:86,30,0,78
BRDA:86,30,1,14
BRDA:86,30,2,6
BRDA:89,31,0,78
BRDA:89,31,1,14
BRDA:89,31,2,1
BRDA:90,32,0,78
BRDA:90,32,1,14
BRDA:90,32,2,1
BRDA:93,33,0,78
BRDA:93,33,1,14
BRDA:93,33,2,1
BRDA:94,34,0,78
BRDA:94,34,1,14
BRDA:94,34,2,2
BRDA:97,35,0,132
BRDA:101,36,0,132
BRDA:105,37,0,132
BRDA:106,38,0,132
BRDA:107,39,0,132
BRDA:108,40,0,132
BRDA:109,41,0,132
BRDA:110,42,0,132
BRDA:115,43,0,132
BRDA:116,44,0,132
BRDA:117,45,0,132
BRDA:149,46,0,2
BRDA:149,46,1,0
BRDA:156,47,0,2
BRDA:156,47,1,0
BRDA:179,48,0,0
BRDA:179,48,1,0
BRDA:185,49,0,0
BRDA:185,49,1,0
BRDA:243,50,0,56
BRDA:243,50,1,56
BRDA:246,51,0,10
BRDA:246,51,1,46
BRDA:250,52,0,0
BRDA:250,52,1,56
BRDA:250,53,0,56
BRDA:250,53,1,0
BRDA:303,54,0,22
BRDA:303,54,1,0
BRDA:304,55,0,0
BRDA:304,55,1,22
BRDA:387,56,0,0
BRDA:387,56,1,284
BRDA:454,57,0,0
BRDA:454,57,1,0
BRDA:484,58,0,0
BRDA:484,58,1,0
BRDA:484,58,2,0
BRDA:484,58,3,0
BRDA:484,58,4,0
BRDA:492,59,0,0
BRDA:492,59,1,0
BRDA:506,60,0,0
BRDA:506,60,1,0
BRDA:549,61,0,0
BRDA:549,61,1,0
BRDA:556,62,0,0
BRDA:556,62,1,0
BRDA:561,63,0,0
BRDA:561,63,1,0
BRDA:561,63,2,0
BRDA:567,64,0,0
BRDA:567,64,1,0
BRDA:567,64,2,0
BRDA:567,64,3,0
BRDA:567,64,4,0
BRDA:577,65,0,0
BRDA:577,65,1,0
BRDA:586,66,0,0
BRDA:586,66,1,0
BRDA:590,67,0,0
BRDA:590,67,1,0
BRDA:612,68,0,0
BRDA:612,68,1,0
BRDA:624,69,0,0
BRDA:624,69,1,0
BRDA:26,70,0,132
BRDA:26,70,1,132
BRDA:26,71,0,6
BRDA:26,71,1,6
BRDA:26,71,2,6
BRF:159
BRH:115
end_of_record
TN:
SF:src\app\services\system\console-log.service.ts
FN:7,constructor
FN:15,getLogs
FNF:2
FNH:2
FNDA:3,constructor
FNDA:2,getLogs
DA:1,2
DA:4,2
DA:10,3
DA:12,3
DA:13,3
DA:16,2
LF:6
LH:6
BRDA:10,0,0,3
BRDA:10,0,1,3
BRDA:10,1,0,2
BRDA:10,1,1,2
BRDA:10,1,2,2
BRF:5
BRH:5
end_of_record
TN:
SF:src\app\services\user\user.service.ts
FN:15,constructor
FN:17,getUsers
FN:21,getCurrentUserPermissions
FN:25,confirmInstructionsForUse
FNF:4
FNH:1
FNDA:94,constructor
FNDA:0,getUsers
FNDA:0,getCurrentUserPermissions
FNDA:0,confirmInstructionsForUse
DA:1,6
DA:2,6
DA:11,94
DA:12,94
DA:13,94
DA:18,0
DA:22,0
DA:26,0
LF:8
LH:5
BRDA:11,0,0,94
BRDA:11,0,1,94
BRDA:11,1,0,6
BRDA:11,1,1,6
BRDA:11,1,2,6
BRF:5
BRH:5
end_of_record
TN:
SF:src\app\shared\validation\server-validation.service.ts
FN:12,parse
FN:30,isValidationError
FN:34,formatForToast
FN:35,(anonymous_3)
FN:39,applyToForm
FN:52,toControlPath
FN:55,(anonymous_6)
FN:59,label
FNF:8
FNH:8
FNDA:9,parse
FNDA:1,isValidationError
FNDA:3,formatForToast
FNDA:4,(anonymous_3)
FNDA:3,applyToForm
FNDA:6,toControlPath
FNDA:10,(anonymous_6)
FNDA:4,label
DA:1,6
DA:10,93
DA:13,9
DA:14,9
DA:15,4
DA:17,5
DA:18,5
DA:19,7
DA:20,7
DA:21,8
DA:23,0
DA:24,0
DA:27,5
DA:31,1
DA:35,4
DA:40,3
DA:41,3
DA:42,6
DA:43,6
DA:44,4
DA:46,2
DA:49,3
DA:53,6
DA:55,10
DA:60,4
DA:61,4
DA:62,4
LF:27
LH:25
BRDA:14,0,0,4
BRDA:14,0,1,5
BRDA:14,1,0,9
BRDA:14,1,1,5
BRDA:19,2,0,7
BRDA:19,2,1,0
BRDA:23,3,0,0
BRDA:23,3,1,0
BRDA:43,4,0,4
BRDA:43,4,1,2
BRDA:44,5,0,4
BRDA:44,5,1,2
BRDA:60,6,0,4
BRDA:60,6,1,0
BRDA:10,7,0,93
BRDA:10,7,1,93
BRDA:10,8,0,6
BRDA:10,8,1,6
BRDA:10,8,2,6
BRF:19
BRH:15
end_of_record
TN:
SF:src\app\shared\validation\validation-error.interceptor.ts
FN:8,(anonymous_0)
FN:10,(anonymous_1)
FN:15,(anonymous_2)
FN:20,(anonymous_3)
FNF:4
FNH:4
FNDA:1,(anonymous_0)
FNDA:3,(anonymous_1)
FNDA:3,(anonymous_2)
FNDA:3,(anonymous_3)
DA:1,6
DA:4,6
DA:5,6
DA:8,6
DA:10,6
DA:11,3
DA:12,3
DA:14,3
DA:16,3
DA:17,3
DA:18,1
DA:20,3
LF:12
LH:12
BRDA:17,0,0,1
BRDA:17,0,1,2
BRDA:17,1,0,3
BRDA:17,1,1,2
BRF:4
BRH:4
end_of_record
TN:
SF:src\app\shared\validators\html-tag.directive.ts
FN:16,validate
FNF:1
FNH:1
FNDA:236,validate
DA:1,3
DA:3,3
DA:15,109
DA:17,236
LF:4
LH:4
BRDA:15,0,0,109
BRDA:15,0,1,109
BRDA:15,1,0,3
BRDA:15,1,1,3
BRDA:15,1,2,3
BRF:5
BRH:5
end_of_record
TN:
SF:src\app\shared\validators\html-tag.validator.ts
FN:3,noHtmlTagsValidator
FNF:1
FNH:1
FNDA:1158,noHtmlTagsValidator
DA:3,6
DA:4,1158
DA:5,1158
DA:6,1040
DA:9,118
DA:10,118
DA:11,118
DA:12,118
DA:13,0
DA:16,118
LF:10
LH:9
BRDA:5,0,0,1040
BRDA:5,0,1,118
BRDA:5,1,0,1158
BRDA:5,1,1,1049
BRDA:12,2,0,0
BRDA:12,2,1,118
BRDA:12,3,0,118
BRDA:12,3,1,118
BRDA:12,3,2,118
BRF:9
BRH:8
end_of_record
TN:
SF:src\app\shared\validators\max-length.directive.ts
FN:4,constructor
FN:18,validate
FNF:2
FNH:2
FNDA:124,constructor
FNDA:264,validate
DA:1,5
DA:15,121
DA:16,124
DA:19,264
LF:4
LH:4
BRDA:19,0,0,263
BRDA:19,0,1,1
BRDA:15,1,0,121
BRDA:15,1,1,121
BRDA:15,2,0,5
BRDA:15,2,1,5
BRDA:15,2,2,5
BRF:7
BRH:7
end_of_record
TN:
SF:src\app\util\breadcrumb\breadcrumb.service.ts
FN:16,constructor
FN:24,(anonymous_1)
FN:27,(anonymous_2)
FN:33,(anonymous_3)
FN:18,(anonymous_4)
FN:19,(anonymous_5)
FNF:6
FNH:6
FNDA:8,constructor
FNDA:7,(anonymous_1)
FNDA:5,(anonymous_2)
FNDA:9,(anonymous_3)
FNDA:9,(anonymous_4)
FNDA:9,(anonymous_5)
DA:1,3
DA:3,3
DA:4,3
DA:9,8
DA:10,8
DA:11,8
DA:12,8
DA:14,8
DA:17,8
DA:18,9
DA:20,9
DA:24,8
DA:25,7
DA:26,7
DA:27,6
DA:28,7
DA:30,1
DA:33,8
DA:34,9
DA:38,9
DA:40,7
DA:42,7
DA:43,9
DA:44,9
DA:45,9
DA:48,9
DA:54,9
DA:55,7
DA:56,7
DA:58,7
LF:30
LH:30
BRDA:14,0,0,8
BRDA:26,1,0,1
BRDA:26,1,1,6
BRDA:27,2,0,6
BRDA:27,2,1,1
BRDA:28,3,0,5
BRDA:28,3,1,2
BRDA:30,4,0,1
BRDA:30,4,1,0
BRDA:31,5,0,8
BRDA:38,6,0,2
BRDA:38,6,1,7
BRDA:42,7,0,7
BRDA:42,7,1,6
BRDA:48,8,0,1
BRDA:48,8,1,6
BRDA:49,9,0,1
BRDA:49,9,1,5
BRDA:50,10,0,1
BRDA:50,10,1,4
BRDA:51,11,0,2
BRDA:51,11,1,2
BRDA:52,12,0,1
BRDA:52,12,1,1
BRDA:54,13,0,6
BRDA:54,13,1,3
BRDA:54,14,0,9
BRDA:54,14,1,6
BRDA:55,15,0,5
BRDA:55,15,1,2
BRDA:55,16,0,7
BRDA:55,16,1,5
BRDA:56,17,0,3
BRDA:56,17,1,4
BRDA:56,18,0,7
BRDA:56,18,1,3
BRDA:58,19,0,6
BRDA:58,19,1,1
BRDA:59,20,0,8
BRDA:9,21,0,8
BRDA:9,21,1,8
BRDA:9,22,0,3
BRDA:9,22,1,3
BRDA:9,22,2,3
BRF:44
BRH:43
end_of_record
TN:
SF:src\app\util\confirm-delete-param\confirm-delete-param.component.html
FNF:0
FNH:0
DA:1,2
DA:2,2
DA:3,1
DA:4,1
DA:5,2
LF:5
LH:5
BRF:0
BRH:0
end_of_record
TN:
SF:src\app\util\confirm-delete-param\confirm-delete-param.component.ts
FN:13,constructor
FN:12,template
FNF:2
FNH:2
FNDA:1,constructor
FNDA:4,template
DA:1,4
DA:12,4
DA:14,1
DA:15,1
LF:4
LH:4
BRDA:12,0,0,1
BRDA:12,0,1,1
BRDA:12,1,0,1
BRDA:12,1,1,2
BRDA:12,2,0,4
BRDA:12,2,1,4
BRDA:12,2,2,4
BRDA:12,3,0,4
BRDA:12,3,1,4
BRDA:12,3,2,4
BRF:10
BRH:10
end_of_record
TN:
SF:src\app\util\confirm-dialog\confirm-dialog.component.html
FN:4,ConfirmDialogComponent_Template_button_click_5_listener
FN:5,ConfirmDialogComponent_Template_button_click_7_listener
FNF:2
FNH:0
FNDA:0,ConfirmDialogComponent_Template_button_click_5_listener
FNDA:0,ConfirmDialogComponent_Template_button_click_7_listener
DA:1,4
DA:2,4
DA:3,2
DA:4,4
DA:5,4
LF:5
LH:5
BRDA:4,0,0,4
BRDA:4,0,1,4
BRDA:5,1,0,4
BRDA:5,1,1,4
BRF:4
BRH:4
end_of_record
TN:
SF:src\app\util\confirm-dialog\confirm-dialog.component.ts
FN:20,constructor
FN:25,onConfirm
FN:29,onCancel
FN:19,template
FNF:4
FNH:2
FNDA:2,constructor
FNDA:0,onConfirm
FNDA:0,onCancel
FNDA:6,template
DA:1,6
DA:19,6
DA:21,2
DA:22,2
DA:26,0
DA:30,0
LF:6
LH:4
BRDA:19,0,0,2
BRDA:19,0,1,2
BRDA:19,1,0,2
BRDA:19,1,1,4
BRDA:19,2,0,6
BRDA:19,2,1,6
BRDA:19,2,2,6
BRDA:19,3,0,6
BRDA:19,3,1,6
BRDA:19,3,2,6
BRF:10
BRH:10
end_of_record
TN:
SF:src\app\util\directives\prevent-number-wheel-scroll.directive.ts
FN:7,findScrollableAncestor
FN:31,canScrollInDirection
FN:44,findWheelScrollFallbackTarget
FN:85,findParametersGridViewport
FN:107,handleNumberInputWheel
FN:127,attachPreventNumberWheelScroll
FN:131,(anonymous_6)
FN:139,(anonymous_7)
FN:141,(anonymous_8)
FN:169,constructor
FN:171,ngAfterViewInit
FN:175,ngOnDestroy
FNF:12
FNH:11
FNDA:9,findScrollableAncestor
FNDA:9,canScrollInDirection
FNDA:2,findWheelScrollFallbackTarget
FNDA:2,findParametersGridViewport
FNDA:7,handleNumberInputWheel
FNDA:1076,attachPreventNumberWheelScroll
FNDA:0,(anonymous_6)
FNDA:7,(anonymous_7)
FNDA:1076,(anonymous_8)
FNDA:1076,constructor
FNDA:1076,ngAfterViewInit
FNDA:1076,ngOnDestroy
DA:1,6
DA:11,9
DA:13,9
DA:14,43
DA:15,43
DA:17,43
DA:22,6
DA:25,37
DA:28,3
DA:32,9
DA:33,8
DA:36,1
DA:37,1
DA:40,0
DA:48,2
DA:49,2
DA:52,0
DA:53,0
DA:54,0
DA:55,0
DA:56,0
DA:60,0
DA:61,0
DA:62,0
DA:63,0
DA:64,0
DA:65,0
DA:69,0
DA:70,0
DA:73,0
DA:74,0
DA:77,0
DA:78,0
DA:82,0
DA:86,2
DA:90,2
DA:91,2
DA:94,0
DA:98,0
DA:99,0
DA:100,0
DA:104,0
DA:111,7
DA:112,1
DA:115,6
DA:118,6
DA:121,7
DA:124,6
DA:130,1076
DA:131,0
DA:134,1076
DA:135,1076
DA:136,0
DA:139,1076
DA:140,1076
DA:141,1076
DA:142,1076
DA:143,1076
DA:145,1076
DA:146,1076
DA:164,6
DA:169,1076
DA:172,1076
DA:176,1076
DA:177,1076
LF:65
LH:39
BRDA:15,0,0,43
BRDA:15,0,1,35
BRDA:17,1,0,6
BRDA:17,1,1,37
BRDA:18,2,0,43
BRDA:18,2,1,8
BRDA:18,2,2,7
BRDA:32,3,0,8
BRDA:32,3,1,1
BRDA:36,4,0,1
BRDA:36,4,1,0
BRDA:48,5,0,2
BRDA:48,5,1,0
BRDA:53,6,0,0
BRDA:53,6,1,0
BRDA:55,7,0,0
BRDA:55,7,1,0
BRDA:55,8,0,0
BRDA:55,8,1,0
BRDA:61,9,0,0
BRDA:61,9,1,0
BRDA:64,10,0,0
BRDA:64,10,1,0
BRDA:64,11,0,0
BRDA:64,11,1,0
BRDA:69,12,0,0
BRDA:69,12,1,0
BRDA:73,13,0,0
BRDA:73,13,1,0
BRDA:77,14,0,0
BRDA:77,14,1,0
BRDA:77,15,0,0
BRDA:77,15,1,0
BRDA:90,16,0,2
BRDA:90,16,1,0
BRDA:90,17,0,2
BRDA:90,17,1,2
BRDA:99,18,0,0
BRDA:99,18,1,0
BRDA:111,19,0,1
BRDA:111,19,1,6
BRDA:118,20,0,6
BRDA:118,20,1,2
BRDA:130,21,0,0
BRDA:130,21,1,1076
BRDA:135,22,0,0
BRDA:135,22,1,1076
BRDA:164,23,0,1076
BRDA:164,23,1,1076
BRDA:164,24,0,6
BRDA:164,24,1,6
BRDA:164,24,2,6
BRF:52
BRH:25
end_of_record
TN:
SF:src\app\util\directives\truncate.pipe.ts
FN:7,transform
FNF:1
FNH:1
FNDA:2,transform
DA:1,6
DA:6,6
DA:8,2
DA:9,2
LF:4
LH:4
BRDA:7,0,0,2
BRDA:8,1,0,0
BRDA:8,1,1,2
BRDA:9,2,0,1
BRDA:9,2,1,1
BRDA:6,3,0,2
BRDA:6,3,1,2
BRDA:6,4,0,6
BRDA:6,4,1,6
BRDA:6,4,2,6
BRF:10
BRH:9
end_of_record
TN:
SF:src\app\util\input-dialog\input-dialog.component.ts
FN:42,constructor
FN:49,onConfirm
FN:55,onCancel
FN:39,template
FN:25,InputDialogComponent_Template_input_ngModelChange_4_listener
FN:25,InputDialogComponent_Template_input_keydown_enter_4_listener
FN:32,InputDialogComponent_Template_button_click_8_listener
FN:33,InputDialogComponent_Template_button_click_10_listener
FNF:8
FNH:3
FNDA:1,constructor
FNDA:0,onConfirm
FNDA:0,onCancel
FNDA:1,template
FNDA:1,InputDialogComponent_Template_input_ngModelChange_4_listener
FNDA:0,InputDialogComponent_Template_input_keydown_enter_4_listener
FNDA:0,InputDialogComponent_Template_button_click_8_listener
FNDA:0,InputDialogComponent_Template_button_click_10_listener
DA:1,1
DA:8,1
DA:22,4
DA:23,1
DA:25,4
DA:26,4
DA:27,1
DA:29,1
DA:31,1
DA:32,4
DA:33,4
DA:34,4
DA:35,1
DA:39,5
DA:40,1
DA:43,1
DA:44,1
DA:46,1
DA:50,0
DA:51,0
DA:56,0
LF:21
LH:18
BRDA:46,0,0,1
BRDA:46,0,1,1
BRDA:50,1,0,0
BRDA:50,1,1,0
BRDA:50,2,0,0
BRDA:50,2,1,0
BRDA:39,3,0,1
BRDA:39,3,1,1
BRDA:39,4,0,1
BRDA:39,4,1,4
BRDA:25,5,0,1
BRDA:25,5,1,1
BRDA:26,6,0,2
BRDA:26,6,1,2
BRDA:32,7,0,4
BRDA:32,7,1,4
BRDA:33,8,0,4
BRDA:33,8,1,2
BRDA:34,9,0,4
BRDA:34,9,1,4
BRDA:39,10,0,1
BRDA:39,10,1,1
BRDA:39,10,2,1
BRDA:39,11,0,1
BRDA:39,11,1,1
BRDA:39,11,2,1
BRF:26
BRH:22
end_of_record
TN:
SF:src\app\util\save-view-dialog\save-view-dialog.component.ts
FN:60,SaveViewDialogComponent_For_14_Template_button_click_0_listener
FN:80,constructor
FN:85,matchedView
FN:88,(anonymous_3)
FN:91,selectView
FN:95,onConfirm
FN:101,onCancel
FN:77,template
FN:34,SaveViewDialogComponent_Template_input_ngModelChange_4_listener
FN:38,SaveViewDialogComponent_Template_input_keydown_enter_4_listener
FN:65,SaveViewDialogComponent_Template_button_click_16_listener
FN:70,SaveViewDialogComponent_Template_button_click_18_listener
FNF:12
FNH:7
FNDA:0,SaveViewDialogComponent_For_14_Template_button_click_0_listener
FNDA:11,constructor
FNDA:30,matchedView
FNDA:5,(anonymous_3)
FNDA:1,selectView
FNDA:3,onConfirm
FNDA:1,onCancel
FNDA:2,template
FNDA:0,SaveViewDialogComponent_Template_input_ngModelChange_4_listener
FNDA:0,SaveViewDialogComponent_Template_input_keydown_enter_4_listener
FNDA:0,SaveViewDialogComponent_Template_button_click_16_listener
FNDA:0,SaveViewDialogComponent_Template_button_click_18_listener
DA:9,2
DA:29,11
DA:30,11
DA:32,11
DA:34,26
DA:36,26
DA:38,11
DA:41,11
DA:45,26
DA:48,11
DA:50,26
DA:51,0
DA:53,26
DA:54,0
DA:56,11
DA:58,11
DA:59,26
DA:60,44
DA:62,11
DA:64,11
DA:65,11
DA:66,11
DA:69,26
DA:70,11
DA:72,11
DA:73,11
DA:77,37
DA:78,11
DA:81,11
DA:82,11
DA:86,30
DA:87,30
DA:88,5
DA:92,1
DA:96,3
DA:97,1
DA:102,1
LF:37
LH:35
BRDA:87,0,0,27
BRDA:87,0,1,3
BRDA:88,1,0,3
BRDA:88,1,1,1
BRDA:96,2,0,1
BRDA:96,2,1,2
BRDA:96,3,0,3
BRDA:96,3,1,2
BRDA:77,4,0,11
BRDA:77,4,1,11
BRDA:77,5,0,11
BRDA:77,5,1,26
BRDA:34,6,0,0
BRDA:34,6,1,0
BRDA:50,7,0,0
BRDA:50,7,1,26
BRDA:53,8,0,0
BRDA:53,8,1,26
BRDA:69,9,0,26
BRDA:69,9,1,0
BRDA:77,10,0,2
BRDA:77,10,1,2
BRDA:77,10,2,2
BRDA:77,11,0,2
BRDA:77,11,1,2
BRDA:77,11,2,2
BRF:26
BRH:21
end_of_record
TN:
SF:src\app\util\validation-dialog\validation-dialog.component.html
FNF:0
FNH:0
DA:1,2
DA:2,1
DA:3,2
DA:5,1
DA:6,1
LF:5
LH:5
BRF:0
BRH:0
end_of_record
TN:
SF:src\app\util\validation-dialog\validation-dialog.component.ts
FN:13,constructor
FN:12,template
FNF:2
FNH:2
FNDA:1,constructor
FNDA:6,template
DA:2,6
DA:12,6
DA:13,1
LF:3
LH:3
BRDA:12,0,0,1
BRDA:12,0,1,1
BRDA:12,1,0,1
BRDA:12,1,1,2
BRDA:12,2,0,6
BRDA:12,2,1,6
BRDA:12,2,2,6
BRDA:12,3,0,6
BRDA:12,3,1,6
BRDA:12,3,2,6
BRF:10
BRH:10
end_of_record
TN:
SF:src\app\utils\content-disposition.util.ts
FN:2,parseAttachmentFilenameFromContentDisposition
FNF:1
FNH:1
FNDA:3,parseAttachmentFilenameFromContentDisposition
DA:1,4
DA:3,3
DA:4,2
DA:7,1
DA:8,1
DA:9,0
DA:10,0
DA:11,0
DA:13,0
DA:17,1
DA:18,1
DA:19,1
DA:22,0
DA:23,0
DA:24,0
DA:27,0
LF:16
LH:8
BRDA:3,0,0,2
BRDA:3,0,1,1
BRDA:8,1,0,0
BRDA:8,1,1,1
BRDA:18,2,0,1
BRDA:18,2,1,0
BRDA:23,3,0,0
BRDA:23,3,1,0
BRF:8
BRH:4
end_of_record
TN:
SF:src\assets\data\cross-section.map.ts
FNF:0
FNH:0
DA:7,1
LF:1
LH:1
BRF:0
BRH:0
end_of_record
TN:
SF:src\assets\data\evaluation-mappings.ts
FNF:0
FNH:0
DA:1,6
DA:3,6
DA:17,6
DA:32,6
DA:45,6
DA:54,6
LF:6
LH:6
BRF:0
BRH:0
end_of_record
TN:
SF:src\assets\data\experiment-task-options.ts
FNF:0
FNH:0
DA:1,6
DA:2,6
DA:3,6
DA:5,6
DA:28,6
LF:5
LH:5
BRF:0
BRH:0
end_of_record
TN:
SF:src\environments\environment.ts
FNF:0
FNH:0
DA:1,6
LF:1
LH:1
BRF:0
BRH:0
end_of_record
